{"/Users/zradford/src/associations-server/swagger.ts": {"path":"/Users/zradford/src/associations-server/swagger.ts","statementMap":{"0":{"start":{"line":1,"column":0},"end":{"line":1,"column":41}},"1":{"start":{"line":3,"column":38},"end":{"line":19,"column":2}},"2":{"start":{"line":21,"column":13},"end":{"line":21,"column":43}}},"fnMap":{},"branchMap":{"0":{"loc":{"start":{"line":13,"column":33},"end":{"line":13,"column":57}},"type":"binary-expr","locations":[{"start":{"line":13,"column":33},"end":{"line":13,"column":49}},{"start":{"line":13,"column":53},"end":{"line":13,"column":57}}]}},"s":{"0":3,"1":3,"2":3},"f":{},"b":{"0":[3,0]}}
,"/Users/zradford/src/associations-server/prisma/disconnect.ts": {"path":"/Users/zradford/src/associations-server/prisma/disconnect.ts","statementMap":{"0":{"start":{"line":1,"column":0},"end":{"line":1,"column":68}},"1":{"start":{"line":4,"column":2},"end":{"line":11,"column":null}},"2":{"start":{"line":5,"column":4},"end":{"line":5,"column":54}},"3":{"start":{"line":6,"column":4},"end":{"line":6,"column":35}},"4":{"start":{"line":7,"column":4},"end":{"line":7,"column":64}},"5":{"start":{"line":9,"column":4},"end":{"line":9,"column":73}},"6":{"start":{"line":10,"column":4},"end":{"line":10,"column":16}},"7":{"start":{"line":14,"column":0},"end":{"line":14,"column":null}}},"fnMap":{"0":{"name":"disconnectPrisma","decl":{"start":{"line":3,"column":15},"end":{"line":3,"column":31}},"loc":{"start":{"line":3,"column":31},"end":{"line":12,"column":1}}}},"branchMap":{},"s":{"0":3,"1":0,"2":0,"3":0,"4":0,"5":0,"6":0,"7":3},"f":{"0":0},"b":{}}
,"/Users/zradford/src/associations-server/src/app.ts": {"path":"/Users/zradford/src/associations-server/src/app.ts","statementMap":{"0":{"start":{"line":1,"column":0},"end":{"line":1,"column":23}},"1":{"start":{"line":2,"column":0},"end":{"line":2,"column":47}},"2":{"start":{"line":3,"column":0},"end":{"line":3,"column":43}},"3":{"start":{"line":4,"column":0},"end":{"line":4,"column":45}},"4":{"start":{"line":5,"column":0},"end":{"line":5,"column":59}},"5":{"start":{"line":6,"column":0},"end":{"line":6,"column":51}},"6":{"start":{"line":7,"column":0},"end":{"line":7,"column":58}},"7":{"start":{"line":8,"column":0},"end":{"line":8,"column":37}},"8":{"start":{"line":10,"column":0},"end":{"line":10,"column":35}},"9":{"start":{"line":12,"column":25},"end":{"line":12,"column":34}},"10":{"start":{"line":14,"column":0},"end":{"line":14,"column":24}},"11":{"start":{"line":15,"column":0},"end":{"line":15,"column":48}},"12":{"start":{"line":16,"column":0},"end":{"line":16,"column":36}},"13":{"start":{"line":17,"column":0},"end":{"line":17,"column":48}},"14":{"start":{"line":18,"column":0},"end":{"line":18,"column":53}},"15":{"start":{"line":19,"column":0},"end":{"line":19,"column":60}},"16":{"start":{"line":20,"column":0},"end":{"line":20,"column":62}},"17":{"start":{"line":23,"column":0},"end":{"line":27,"column":null}},"18":{"start":{"line":24,"column":2},"end":{"line":26,"column":5}},"19":{"start":{"line":25,"column":4},"end":{"line":25,"column":53}},"20":{"start":{"line":33,"column":0},"end":{"line":33,"column":19}}},"fnMap":{"0":{"name":"(anonymous_1)","decl":{"start":{"line":24,"column":19},"end":{"line":24,"column":22}},"loc":{"start":{"line":24,"column":24},"end":{"line":26,"column":3}}}},"branchMap":{"0":{"loc":{"start":{"line":23,"column":0},"end":{"line":27,"column":null}},"type":"if","locations":[{"start":{"line":23,"column":0},"end":{"line":27,"column":null}}]}},"s":{"0":3,"1":3,"2":3,"3":3,"4":3,"5":3,"6":3,"7":3,"8":3,"9":3,"10":3,"11":3,"12":3,"13":3,"14":3,"15":3,"16":3,"17":3,"18":0,"19":0,"20":3},"f":{"0":0},"b":{"0":[0]}}
,"/Users/zradford/src/associations-server/src/auth.ts": {"path":"/Users/zradford/src/associations-server/src/auth.ts","statementMap":{"0":{"start":{"line":2,"column":0},"end":{"line":2,"column":23}},"1":{"start":{"line":3,"column":0},"end":{"line":3,"column":47}},"2":{"start":{"line":5,"column":0},"end":{"line":5,"column":52}},"3":{"start":{"line":6,"column":0},"end":{"line":6,"column":40}},"4":{"start":{"line":7,"column":0},"end":{"line":7,"column":7}},"5":{"start":{"line":208,"column":2},"end":{"line":7,"column":59}},"6":{"start":{"line":31,"column":26},"end":{"line":31,"column":71}},"7":{"start":{"line":32,"column":30},"end":{"line":32,"column":83}},"8":{"start":{"line":34,"column":29},"end":{"line":34,"column":82}},"9":{"start":{"line":35,"column":22},"end":{"line":35,"column":42}},"10":{"start":{"line":209,"column":2},"end":{"line":209,"column":15}},"11":{"start":{"line":37,"column":15},"end":{"line":45,"column":2}},"12":{"start":{"line":47,"column":20},"end":{"line":47,"column":65}},"13":{"start":{"line":48,"column":0},"end":{"line":48,"column":37}},"14":{"start":{"line":49,"column":16},"end":{"line":52,"column":null}},"15":{"start":{"line":210,"column":2},"end":{"line":210,"column":9}},"16":{"start":{"line":55,"column":27},"end":{"line":59,"column":2}},"17":{"start":{"line":61,"column":21},"end":{"line":64,"column":1}},"18":{"start":{"line":62,"column":14},"end":{"line":62,"column":24}},"19":{"start":{"line":63,"column":2},"end":{"line":63,"column":52}},"20":{"start":{"line":66,"column":21},"end":{"line":81,"column":1}},"21":{"start":{"line":67,"column":2},"end":{"line":80,"column":null}},"22":{"start":{"line":68,"column":4},"end":{"line":68,"column":46}},"23":{"start":{"line":69,"column":39},"end":{"line":72,"column":6}},"24":{"start":{"line":74,"column":51},"end":{"line":74,"column":90}},"25":{"start":{"line":75,"column":28},"end":{"line":75,"column":55}},"26":{"start":{"line":76,"column":4},"end":{"line":76,"column":38}},"27":{"start":{"line":78,"column":4},"end":{"line":78,"column":51}},"28":{"start":{"line":79,"column":4},"end":{"line":79,"column":16}},"29":{"start":{"line":83,"column":26},"end":{"line":149,"column":1}},"30":{"start":{"line":86,"column":2},"end":{"line":86,"column":46}},"31":{"start":{"line":94,"column":6},"end":{"line":94,"column":19}},"32":{"start":{"line":96,"column":2},"end":{"line":148,"column":null}},"33":{"start":{"line":97,"column":26},"end":{"line":103,"column":null}},"34":{"start":{"line":110,"column":8},"end":{"line":110,"column":21}},"35":{"start":{"line":112,"column":28},"end":{"line":112,"column":51}},"36":{"start":{"line":113,"column":31},"end":{"line":113,"column":46}},"37":{"start":{"line":114,"column":45},"end":{"line":114,"column":76}},"38":{"start":{"line":115,"column":4},"end":{"line":115,"column":48}},"39":{"start":{"line":117,"column":4},"end":{"line":121,"column":null}},"40":{"start":{"line":118,"column":6},"end":{"line":120,"column":8}},"41":{"start":{"line":123,"column":22},"end":{"line":142,"column":6}},"42":{"start":{"line":144,"column":4},"end":{"line":144,"column":21}},"43":{"start":{"line":146,"column":4},"end":{"line":146,"column":98}},"44":{"start":{"line":147,"column":4},"end":{"line":147,"column":16}},"45":{"start":{"line":205,"column":2},"end":{"line":205,"column":19}},"46":{"start":{"line":156,"column":2},"end":{"line":186,"column":null}},"47":{"start":{"line":157,"column":26},"end":{"line":166,"column":6}},"48":{"start":{"line":168,"column":4},"end":{"line":170,"column":null}},"49":{"start":{"line":169,"column":6},"end":{"line":169,"column":38}},"50":{"start":{"line":172,"column":25},"end":{"line":176,"column":6}},"51":{"start":{"line":178,"column":4},"end":{"line":182,"column":null}},"52":{"start":{"line":179,"column":6},"end":{"line":179,"column":25}},"53":{"start":{"line":181,"column":6},"end":{"line":181,"column":39}},"54":{"start":{"line":184,"column":4},"end":{"line":184,"column":87}},"55":{"start":{"line":185,"column":4},"end":{"line":185,"column":16}},"56":{"start":{"line":207,"column":2},"end":{"line":207,"column":16}},"57":{"start":{"line":189,"column":19},"end":{"line":202,"column":1}},"58":{"start":{"line":190,"column":2},"end":{"line":190,"column":38}},"59":{"start":{"line":191,"column":2},"end":{"line":201,"column":null}},"60":{"start":{"line":192,"column":4},"end":{"line":192,"column":53}},"61":{"start":{"line":193,"column":4},"end":{"line":197,"column":7}},"62":{"start":{"line":199,"column":4},"end":{"line":199,"column":75}},"63":{"start":{"line":200,"column":4},"end":{"line":200,"column":16}},"64":{"start":{"line":206,"column":2},"end":{"line":206,"column":12}}},"fnMap":{"0":{"name":"(anonymous_7)","decl":{"start":{"line":61,"column":21},"end":{"line":61,"column":22}},"loc":{"start":{"line":61,"column":49},"end":{"line":64,"column":1}}},"1":{"name":"(anonymous_8)","decl":{"start":{"line":66,"column":21},"end":{"line":66,"column":26}},"loc":{"start":{"line":66,"column":82},"end":{"line":81,"column":1}}},"2":{"name":"(anonymous_9)","decl":{"start":{"line":83,"column":26},"end":{"line":83,"column":31}},"loc":{"start":{"line":85,"column":42},"end":{"line":149,"column":1}}},"3":{"name":"getAccessToken","decl":{"start":{"line":151,"column":15},"end":{"line":151,"column":29}},"loc":{"start":{"line":151,"column":48},"end":{"line":187,"column":1}}},"4":{"name":"(anonymous_11)","decl":{"start":{"line":189,"column":19},"end":{"line":189,"column":24}},"loc":{"start":{"line":189,"column":80},"end":{"line":202,"column":1}}}},"branchMap":{"0":{"loc":{"start":{"line":31,"column":26},"end":{"line":31,"column":71}},"type":"binary-expr","locations":[{"start":{"line":31,"column":26},"end":{"line":31,"column":47}},{"start":{"line":31,"column":51},"end":{"line":31,"column":71}}]},"1":{"loc":{"start":{"line":32,"column":30},"end":{"line":32,"column":83}},"type":"binary-expr","locations":[{"start":{"line":32,"column":30},"end":{"line":32,"column":55}},{"start":{"line":32,"column":59},"end":{"line":32,"column":83}}]},"2":{"loc":{"start":{"line":117,"column":4},"end":{"line":121,"column":null}},"type":"if","locations":[{"start":{"line":117,"column":4},"end":{"line":121,"column":null}}]},"3":{"loc":{"start":{"line":168,"column":4},"end":{"line":170,"column":null}},"type":"if","locations":[{"start":{"line":168,"column":4},"end":{"line":170,"column":null}}]},"4":{"loc":{"start":{"line":168,"column":8},"end":{"line":168,"column":70}},"type":"binary-expr","locations":[{"start":{"line":168,"column":8},"end":{"line":168,"column":31}},{"start":{"line":168,"column":35},"end":{"line":168,"column":70}}]},"5":{"loc":{"start":{"line":178,"column":4},"end":{"line":182,"column":null}},"type":"if","locations":[{"start":{"line":178,"column":4},"end":{"line":182,"column":null}},{"start":{"line":180,"column":11},"end":{"line":182,"column":null}}]}},"s":{"0":3,"1":3,"2":3,"3":3,"4":3,"5":3,"6":3,"7":3,"8":3,"9":3,"10":3,"11":3,"12":3,"13":3,"14":3,"15":3,"16":3,"17":3,"18":0,"19":0,"20":3,"21":0,"22":0,"23":0,"24":0,"25":0,"26":0,"27":0,"28":0,"29":3,"30":0,"31":0,"32":0,"33":0,"34":0,"35":0,"36":0,"37":0,"38":0,"39":0,"40":0,"41":0,"42":0,"43":0,"44":0,"45":3,"46":0,"47":0,"48":0,"49":0,"50":0,"51":0,"52":0,"53":0,"54":0,"55":0,"56":3,"57":3,"58":0,"59":0,"60":0,"61":0,"62":0,"63":0,"64":3},"f":{"0":0,"1":0,"2":0,"3":0,"4":0},"b":{"0":[3,0],"1":[3,0],"2":[0],"3":[0],"4":[0,0],"5":[0,0]}}
,"/Users/zradford/src/associations-server/src/hubspot-client/batchAssociations.ts": {"path":"/Users/zradford/src/associations-server/src/hubspot-client/batchAssociations.ts","statementMap":{"0":{"start":{"line":2,"column":0},"end":{"line":2,"column":56}},"1":{"start":{"line":3,"column":0},"end":{"line":3,"column":41}},"2":{"start":{"line":4,"column":0},"end":{"line":4,"column":null}},"3":{"start":{"line":9,"column":21},"end":{"line":9,"column":36}},"4":{"start":{"line":10,"column":22},"end":{"line":10,"column":54}},"5":{"start":{"line":11,"column":2},"end":{"line":11,"column":32}},"6":{"start":{"line":12,"column":2},"end":{"line":12,"column":44}},"7":{"start":{"line":14,"column":27},"end":{"line":14,"column":55}},"8":{"start":{"line":16,"column":2},"end":{"line":27,"column":null}},"9":{"start":{"line":17,"column":21},"end":{"line":20,"column":null}},"10":{"start":{"line":22,"column":4},"end":{"line":22,"column":51}},"11":{"start":{"line":23,"column":4},"end":{"line":23,"column":20}},"12":{"start":{"line":25,"column":4},"end":{"line":25,"column":82}},"13":{"start":{"line":26,"column":4},"end":{"line":26,"column":16}},"14":{"start":{"line":52,"column":9},"end":{"line":52,"column":36}},"15":{"start":{"line":31,"column":21},"end":{"line":31,"column":36}},"16":{"start":{"line":32,"column":22},"end":{"line":32,"column":54}},"17":{"start":{"line":33,"column":2},"end":{"line":33,"column":32}},"18":{"start":{"line":34,"column":2},"end":{"line":34,"column":44}},"19":{"start":{"line":36,"column":24},"end":{"line":36,"column":55}},"20":{"start":{"line":38,"column":2},"end":{"line":49,"column":null}},"21":{"start":{"line":39,"column":4},"end":{"line":46,"column":null}},"22":{"start":{"line":40,"column":23},"end":{"line":43,"column":null}},"23":{"start":{"line":45,"column":6},"end":{"line":45,"column":40}},"24":{"start":{"line":48,"column":4},"end":{"line":48,"column":80}},"25":{"start":{"line":52,"column":38},"end":{"line":52,"column":68}}},"fnMap":{"0":{"name":"saveBatchHubspotAssociation","decl":{"start":{"line":8,"column":15},"end":{"line":8,"column":42}},"loc":{"start":{"line":8,"column":69},"end":{"line":28,"column":1}}},"1":{"name":"archiveBatchHubspotAssociation","decl":{"start":{"line":30,"column":15},"end":{"line":30,"column":45}},"loc":{"start":{"line":30,"column":72},"end":{"line":50,"column":1}}}},"branchMap":{"0":{"loc":{"start":{"line":39,"column":4},"end":{"line":46,"column":null}},"type":"if","locations":[{"start":{"line":39,"column":4},"end":{"line":46,"column":null}}]}},"s":{"0":4,"1":4,"2":4,"3":3,"4":3,"5":3,"6":2,"7":2,"8":2,"9":2,"10":1,"11":1,"12":1,"13":1,"14":4,"15":4,"16":4,"17":4,"18":3,"19":3,"20":3,"21":3,"22":3,"23":2,"24":1,"25":4},"f":{"0":3,"1":4},"b":{"0":[3]}}
,"/Users/zradford/src/associations-server/src/hubspot-client/definitionAssociations.ts": {"path":"/Users/zradford/src/associations-server/src/hubspot-client/definitionAssociations.ts","statementMap":{"0":{"start":{"line":2,"column":0},"end":{"line":2,"column":56}},"1":{"start":{"line":3,"column":0},"end":{"line":3,"column":41}},"2":{"start":{"line":8,"column":0},"end":{"line":8,"column":null}},"3":{"start":{"line":23,"column":17},"end":{"line":23,"column":62}},"4":{"start":{"line":24,"column":2},"end":{"line":24,"column":116}},"5":{"start":{"line":25,"column":21},"end":{"line":25,"column":36}},"6":{"start":{"line":26,"column":44},"end":{"line":26,"column":76}},"7":{"start":{"line":27,"column":2},"end":{"line":27,"column":32}},"8":{"start":{"line":28,"column":2},"end":{"line":28,"column":44}},"9":{"start":{"line":30,"column":2},"end":{"line":49,"column":null}},"10":{"start":{"line":31,"column":33},"end":{"line":35,"column":6}},"11":{"start":{"line":37,"column":4},"end":{"line":37,"column":73}},"12":{"start":{"line":38,"column":4},"end":{"line":45,"column":null}},"13":{"start":{"line":39,"column":41},"end":{"line":43,"column":8}},"14":{"start":{"line":44,"column":6},"end":{"line":44,"column":72}},"15":{"start":{"line":47,"column":4},"end":{"line":47,"column":84}},"16":{"start":{"line":48,"column":4},"end":{"line":48,"column":16}},"17":{"start":{"line":58,"column":17},"end":{"line":58,"column":53}},"18":{"start":{"line":59,"column":21},"end":{"line":59,"column":36}},"19":{"start":{"line":60,"column":44},"end":{"line":60,"column":76}},"20":{"start":{"line":61,"column":2},"end":{"line":61,"column":32}},"21":{"start":{"line":62,"column":2},"end":{"line":62,"column":44}},"22":{"start":{"line":64,"column":2},"end":{"line":83,"column":null}},"23":{"start":{"line":65,"column":33},"end":{"line":69,"column":6}},"24":{"start":{"line":70,"column":4},"end":{"line":77,"column":null}},"25":{"start":{"line":71,"column":41},"end":{"line":75,"column":8}},"26":{"start":{"line":76,"column":6},"end":{"line":76,"column":72}},"27":{"start":{"line":78,"column":4},"end":{"line":78,"column":73}},"28":{"start":{"line":79,"column":4},"end":{"line":79,"column":32}},"29":{"start":{"line":81,"column":4},"end":{"line":81,"column":84}},"30":{"start":{"line":82,"column":4},"end":{"line":82,"column":16}},"31":{"start":{"line":87,"column":24},"end":{"line":87,"column":57}},"32":{"start":{"line":88,"column":21},"end":{"line":88,"column":36}},"33":{"start":{"line":89,"column":44},"end":{"line":89,"column":76}},"34":{"start":{"line":90,"column":2},"end":{"line":90,"column":32}},"35":{"start":{"line":91,"column":2},"end":{"line":91,"column":44}},"36":{"start":{"line":93,"column":48},"end":{"line":93,"column":61}},"37":{"start":{"line":94,"column":2},"end":{"line":103,"column":null}},"38":{"start":{"line":95,"column":21},"end":{"line":95,"column":124}},"39":{"start":{"line":96,"column":4},"end":{"line":98,"column":null}},"40":{"start":{"line":97,"column":6},"end":{"line":97,"column":89}},"41":{"start":{"line":99,"column":4},"end":{"line":99,"column":20}},"42":{"start":{"line":101,"column":4},"end":{"line":101,"column":90}},"43":{"start":{"line":102,"column":4},"end":{"line":102,"column":16}},"44":{"start":{"line":166,"column":2},"end":{"line":166,"column":27}},"45":{"start":{"line":107,"column":24},"end":{"line":107,"column":59}},"46":{"start":{"line":108,"column":21},"end":{"line":108,"column":36}},"47":{"start":{"line":109,"column":44},"end":{"line":109,"column":76}},"48":{"start":{"line":110,"column":2},"end":{"line":110,"column":32}},"49":{"start":{"line":111,"column":2},"end":{"line":111,"column":44}},"50":{"start":{"line":113,"column":48},"end":{"line":113,"column":61}},"51":{"start":{"line":115,"column":2},"end":{"line":123,"column":null}},"52":{"start":{"line":116,"column":4},"end":{"line":116,"column":108}},"53":{"start":{"line":117,"column":4},"end":{"line":119,"column":null}},"54":{"start":{"line":118,"column":6},"end":{"line":118,"column":81}},"55":{"start":{"line":121,"column":4},"end":{"line":121,"column":92}},"56":{"start":{"line":122,"column":4},"end":{"line":122,"column":16}},"57":{"start":{"line":168,"column":2},"end":{"line":168,"column":29}},"58":{"start":{"line":127,"column":21},"end":{"line":127,"column":36}},"59":{"start":{"line":128,"column":44},"end":{"line":128,"column":76}},"60":{"start":{"line":129,"column":2},"end":{"line":129,"column":32}},"61":{"start":{"line":130,"column":2},"end":{"line":130,"column":44}},"62":{"start":{"line":132,"column":62},"end":{"line":132,"column":66}},"63":{"start":{"line":134,"column":2},"end":{"line":145,"column":null}},"64":{"start":{"line":135,"column":21},"end":{"line":138,"column":null}},"65":{"start":{"line":140,"column":4},"end":{"line":140,"column":69}},"66":{"start":{"line":141,"column":4},"end":{"line":141,"column":20}},"67":{"start":{"line":143,"column":4},"end":{"line":143,"column":93}},"68":{"start":{"line":144,"column":4},"end":{"line":144,"column":16}},"69":{"start":{"line":167,"column":2},"end":{"line":167,"column":30}},"70":{"start":{"line":149,"column":35},"end":{"line":149,"column":39}},"71":{"start":{"line":150,"column":21},"end":{"line":150,"column":36}},"72":{"start":{"line":151,"column":44},"end":{"line":151,"column":76}},"73":{"start":{"line":152,"column":2},"end":{"line":152,"column":32}},"74":{"start":{"line":153,"column":2},"end":{"line":153,"column":44}},"75":{"start":{"line":155,"column":2},"end":{"line":161,"column":null}},"76":{"start":{"line":156,"column":21},"end":{"line":156,"column":111}},"77":{"start":{"line":157,"column":4},"end":{"line":157,"column":20}},"78":{"start":{"line":159,"column":4},"end":{"line":159,"column":81}},"79":{"start":{"line":160,"column":4},"end":{"line":160,"column":16}},"80":{"start":{"line":165,"column":2},"end":{"line":165,"column":36}}},"fnMap":{"0":{"name":"saveAssociationDefinitionConfiguration","decl":{"start":{"line":17,"column":15},"end":{"line":17,"column":53}},"loc":{"start":{"line":21,"column":18},"end":{"line":50,"column":1}}},"1":{"name":"updateAssociationDefinitionConfiguration","decl":{"start":{"line":53,"column":15},"end":{"line":53,"column":55}},"loc":{"start":{"line":56,"column":18},"end":{"line":84,"column":1}}},"2":{"name":"saveAssociationDefinition","decl":{"start":{"line":86,"column":15},"end":{"line":86,"column":40}},"loc":{"start":{"line":86,"column":68},"end":{"line":104,"column":1}}},"3":{"name":"updateAssociationDefinition","decl":{"start":{"line":106,"column":15},"end":{"line":106,"column":42}},"loc":{"start":{"line":106,"column":70},"end":{"line":124,"column":1}}},"4":{"name":"archiveAssociationDefinition","decl":{"start":{"line":126,"column":15},"end":{"line":126,"column":43}},"loc":{"start":{"line":126,"column":85},"end":{"line":146,"column":1}}},"5":{"name":"getAllAssociationDefinitionsByType","decl":{"start":{"line":148,"column":15},"end":{"line":148,"column":49}},"loc":{"start":{"line":148,"column":94},"end":{"line":162,"column":1}}}},"branchMap":{"0":{"loc":{"start":{"line":38,"column":4},"end":{"line":45,"column":null}},"type":"if","locations":[{"start":{"line":38,"column":4},"end":{"line":45,"column":null}}]},"1":{"loc":{"start":{"line":70,"column":4},"end":{"line":77,"column":null}},"type":"if","locations":[{"start":{"line":70,"column":4},"end":{"line":77,"column":null}}]},"2":{"loc":{"start":{"line":96,"column":4},"end":{"line":98,"column":null}},"type":"if","locations":[{"start":{"line":96,"column":4},"end":{"line":98,"column":null}}]},"3":{"loc":{"start":{"line":96,"column":8},"end":{"line":96,"column":50}},"type":"binary-expr","locations":[{"start":{"line":96,"column":8},"end":{"line":96,"column":28}},{"start":{"line":96,"column":32},"end":{"line":96,"column":50}}]},"4":{"loc":{"start":{"line":117,"column":4},"end":{"line":119,"column":null}},"type":"if","locations":[{"start":{"line":117,"column":4},"end":{"line":119,"column":null}}]},"5":{"loc":{"start":{"line":117,"column":8},"end":{"line":117,"column":50}},"type":"binary-expr","locations":[{"start":{"line":117,"column":8},"end":{"line":117,"column":28}},{"start":{"line":117,"column":32},"end":{"line":117,"column":50}}]}},"s":{"0":4,"1":4,"2":4,"3":1,"4":1,"5":1,"6":1,"7":1,"8":1,"9":1,"10":1,"11":1,"12":1,"13":0,"14":0,"15":0,"16":0,"17":0,"18":0,"19":0,"20":0,"21":0,"22":0,"23":0,"24":0,"25":0,"26":0,"27":0,"28":0,"29":0,"30":0,"31":2,"32":2,"33":2,"34":2,"35":2,"36":2,"37":2,"38":2,"39":1,"40":1,"41":1,"42":1,"43":1,"44":4,"45":2,"46":2,"47":2,"48":2,"49":2,"50":2,"51":0,"52":0,"53":0,"54":0,"55":0,"56":0,"57":4,"58":2,"59":2,"60":2,"61":2,"62":2,"63":2,"64":2,"65":1,"66":1,"67":1,"68":1,"69":4,"70":2,"71":2,"72":2,"73":2,"74":2,"75":2,"76":2,"77":1,"78":1,"79":1,"80":4},"f":{"0":1,"1":0,"2":2,"3":2,"4":2,"5":2},"b":{"0":[0],"1":[0],"2":[1],"3":[1,0],"4":[0],"5":[0,0]}}
,"/Users/zradford/src/associations-server/src/hubspot-client/singleAssociations.ts": {"path":"/Users/zradford/src/associations-server/src/hubspot-client/singleAssociations.ts","statementMap":{"0":{"start":{"line":2,"column":0},"end":{"line":2,"column":56}},"1":{"start":{"line":3,"column":0},"end":{"line":3,"column":41}},"2":{"start":{"line":4,"column":0},"end":{"line":4,"column":90}},"3":{"start":{"line":7,"column":21},"end":{"line":7,"column":36}},"4":{"start":{"line":8,"column":22},"end":{"line":8,"column":54}},"5":{"start":{"line":9,"column":2},"end":{"line":9,"column":32}},"6":{"start":{"line":10,"column":2},"end":{"line":10,"column":44}},"7":{"start":{"line":14,"column":6},"end":{"line":14,"column":35}},"8":{"start":{"line":16,"column":2},"end":{"line":29,"column":null}},"9":{"start":{"line":17,"column":4},"end":{"line":25,"column":null}},"10":{"start":{"line":18,"column":6},"end":{"line":24,"column":8}},"11":{"start":{"line":27,"column":4},"end":{"line":27,"column":80}},"12":{"start":{"line":28,"column":4},"end":{"line":28,"column":16}},"13":{"start":{"line":50,"column":9},"end":{"line":50,"column":37}},"14":{"start":{"line":33,"column":21},"end":{"line":33,"column":36}},"15":{"start":{"line":34,"column":22},"end":{"line":34,"column":54}},"16":{"start":{"line":35,"column":2},"end":{"line":35,"column":32}},"17":{"start":{"line":36,"column":2},"end":{"line":36,"column":44}},"18":{"start":{"line":40,"column":6},"end":{"line":40,"column":35}},"19":{"start":{"line":42,"column":2},"end":{"line":47,"column":null}},"20":{"start":{"line":43,"column":4},"end":{"line":43,"column":109}},"21":{"start":{"line":45,"column":4},"end":{"line":45,"column":83}},"22":{"start":{"line":46,"column":4},"end":{"line":46,"column":16}},"23":{"start":{"line":50,"column":39},"end":{"line":50,"column":70}}},"fnMap":{"0":{"name":"saveSingleHubspotAssociation","decl":{"start":{"line":6,"column":15},"end":{"line":6,"column":43}},"loc":{"start":{"line":6,"column":68},"end":{"line":30,"column":1}}},"1":{"name":"archiveSingleHubspotAssociation","decl":{"start":{"line":32,"column":15},"end":{"line":32,"column":46}},"loc":{"start":{"line":32,"column":71},"end":{"line":48,"column":1}}}},"branchMap":{"0":{"loc":{"start":{"line":17,"column":4},"end":{"line":25,"column":null}},"type":"if","locations":[{"start":{"line":17,"column":4},"end":{"line":25,"column":null}}]}},"s":{"0":4,"1":4,"2":4,"3":2,"4":2,"5":2,"6":2,"7":2,"8":2,"9":2,"10":2,"11":1,"12":1,"13":4,"14":2,"15":2,"16":2,"17":2,"18":2,"19":2,"20":2,"21":1,"22":1,"23":4},"f":{"0":2,"1":2},"b":{"0":[2]}}
,"/Users/zradford/src/associations-server/src/prisma-client/batchAssociations.ts": {"path":"/Users/zradford/src/associations-server/src/prisma-client/batchAssociations.ts","statementMap":{"0":{"start":{"line":2,"column":0},"end":{"line":2,"column":41}},"1":{"start":{"line":3,"column":0},"end":{"line":3,"column":45}},"2":{"start":{"line":5,"column":27},"end":{"line":63,"column":1}},"3":{"start":{"line":6,"column":2},"end":{"line":62,"column":null}},"4":{"start":{"line":7,"column":23},"end":{"line":54,"column":6}},"5":{"start":{"line":22,"column":10},"end":{"line":22,"column":22}},"6":{"start":{"line":24,"column":6},"end":{"line":53,"column":9}},"7":{"start":{"line":56,"column":27},"end":{"line":56,"column":64}},"8":{"start":{"line":57,"column":4},"end":{"line":57,"column":55}},"9":{"start":{"line":58,"column":4},"end":{"line":58,"column":26}},"10":{"start":{"line":60,"column":4},"end":{"line":60,"column":95}},"11":{"start":{"line":61,"column":4},"end":{"line":61,"column":16}},"12":{"start":{"line":98,"column":2},"end":{"line":98,"column":20}},"13":{"start":{"line":66,"column":2},"end":{"line":76,"column":null}},"14":{"start":{"line":67,"column":4},"end":{"line":71,"column":6}},"15":{"start":{"line":68,"column":29},"end":{"line":70,"column":8}},"16":{"start":{"line":72,"column":4},"end":{"line":72,"column":83}},"17":{"start":{"line":74,"column":4},"end":{"line":74,"column":86}},"18":{"start":{"line":75,"column":4},"end":{"line":75,"column":16}},"19":{"start":{"line":99,"column":2},"end":{"line":99,"column":23}},"20":{"start":{"line":80,"column":2},"end":{"line":94,"column":null}},"21":{"start":{"line":81,"column":21},"end":{"line":83,"column":6}},"22":{"start":{"line":85,"column":4},"end":{"line":88,"column":null}},"23":{"start":{"line":86,"column":6},"end":{"line":86,"column":55}},"24":{"start":{"line":87,"column":6},"end":{"line":87,"column":16}},"25":{"start":{"line":90,"column":4},"end":{"line":90,"column":20}},"26":{"start":{"line":92,"column":4},"end":{"line":92,"column":85}},"27":{"start":{"line":93,"column":4},"end":{"line":93,"column":16}},"28":{"start":{"line":100,"column":2},"end":{"line":100,"column":31}}},"fnMap":{"0":{"name":"(anonymous_1)","decl":{"start":{"line":5,"column":27},"end":{"line":5,"column":32}},"loc":{"start":{"line":5,"column":73},"end":{"line":63,"column":1}}},"1":{"name":"(anonymous_2)","decl":{"start":{"line":7,"column":41},"end":{"line":7,"column":42}},"loc":{"start":{"line":7,"column":58},"end":{"line":54,"column":5}}},"2":{"name":"deleteBatchDBMappings","decl":{"start":{"line":65,"column":15},"end":{"line":65,"column":36}},"loc":{"start":{"line":65,"column":57},"end":{"line":77,"column":1}}},"3":{"name":"(anonymous_4)","decl":{"start":{"line":68,"column":21},"end":{"line":68,"column":22}},"loc":{"start":{"line":68,"column":29},"end":{"line":70,"column":8}}},"4":{"name":"getBatchDBAssociationMappings","decl":{"start":{"line":79,"column":15},"end":{"line":79,"column":44}},"loc":{"start":{"line":79,"column":65},"end":{"line":95,"column":1}}}},"branchMap":{"0":{"loc":{"start":{"line":85,"column":4},"end":{"line":88,"column":null}},"type":"if","locations":[{"start":{"line":85,"column":4},"end":{"line":88,"column":null}}]},"1":{"loc":{"start":{"line":85,"column":8},"end":{"line":85,"column":41}},"type":"binary-expr","locations":[{"start":{"line":85,"column":8},"end":{"line":85,"column":17}},{"start":{"line":85,"column":21},"end":{"line":85,"column":41}}]}},"s":{"0":4,"1":4,"2":4,"3":0,"4":0,"5":0,"6":0,"7":0,"8":0,"9":0,"10":0,"11":0,"12":4,"13":0,"14":0,"15":0,"16":0,"17":0,"18":0,"19":4,"20":0,"21":0,"22":0,"23":0,"24":0,"25":0,"26":0,"27":0,"28":4},"f":{"0":0,"1":0,"2":0,"3":0,"4":0},"b":{"0":[0],"1":[0,0]}}
,"/Users/zradford/src/associations-server/src/prisma-client/definitionAssociations.ts": {"path":"/Users/zradford/src/associations-server/src/prisma-client/definitionAssociations.ts","statementMap":{"0":{"start":{"line":2,"column":0},"end":{"line":2,"column":41}},"1":{"start":{"line":3,"column":0},"end":{"line":3,"column":45}},"2":{"start":{"line":9,"column":2},"end":{"line":15,"column":null}},"3":{"start":{"line":14,"column":4},"end":{"line":14,"column":48}},"4":{"start":{"line":17,"column":25},"end":{"line":17,"column":40}},"5":{"start":{"line":18,"column":23},"end":{"line":18,"column":36}},"6":{"start":{"line":20,"column":2},"end":{"line":38,"column":null}},"7":{"start":{"line":21,"column":25},"end":{"line":32,"column":6}},"8":{"start":{"line":34,"column":4},"end":{"line":34,"column":24}},"9":{"start":{"line":36,"column":4},"end":{"line":36,"column":57}},"10":{"start":{"line":37,"column":4},"end":{"line":37,"column":16}},"11":{"start":{"line":89,"column":2},"end":{"line":89,"column":35}},"12":{"start":{"line":42,"column":2},"end":{"line":44,"column":null}},"13":{"start":{"line":43,"column":4},"end":{"line":43,"column":50}},"14":{"start":{"line":46,"column":2},"end":{"line":53,"column":null}},"15":{"start":{"line":47,"column":19},"end":{"line":47,"column":70}},"16":{"start":{"line":48,"column":4},"end":{"line":48,"column":79}},"17":{"start":{"line":49,"column":4},"end":{"line":49,"column":18}},"18":{"start":{"line":51,"column":4},"end":{"line":51,"column":89}},"19":{"start":{"line":52,"column":4},"end":{"line":52,"column":16}},"20":{"start":{"line":90,"column":2},"end":{"line":90,"column":29}},"21":{"start":{"line":57,"column":2},"end":{"line":67,"column":null}},"22":{"start":{"line":58,"column":19},"end":{"line":61,"column":6}},"23":{"start":{"line":62,"column":4},"end":{"line":62,"column":81}},"24":{"start":{"line":63,"column":4},"end":{"line":63,"column":18}},"25":{"start":{"line":65,"column":4},"end":{"line":65,"column":91}},"26":{"start":{"line":66,"column":4},"end":{"line":66,"column":16}},"27":{"start":{"line":91,"column":2},"end":{"line":91,"column":31}},"28":{"start":{"line":71,"column":2},"end":{"line":85,"column":null}},"29":{"start":{"line":72,"column":19},"end":{"line":74,"column":6}},"30":{"start":{"line":75,"column":4},"end":{"line":75,"column":81}},"31":{"start":{"line":76,"column":4},"end":{"line":76,"column":18}},"32":{"start":{"line":78,"column":4},"end":{"line":82,"column":null}},"33":{"start":{"line":81,"column":6},"end":{"line":81,"column":77}},"34":{"start":{"line":83,"column":4},"end":{"line":83,"column":92}},"35":{"start":{"line":84,"column":4},"end":{"line":84,"column":16}},"36":{"start":{"line":92,"column":2},"end":{"line":92,"column":31}}},"fnMap":{"0":{"name":"getDBAssociationDefinitionsByType","decl":{"start":{"line":5,"column":15},"end":{"line":5,"column":48}},"loc":{"start":{"line":8,"column":1},"end":{"line":39,"column":1}}},"1":{"name":"saveDBAssociationDefinition","decl":{"start":{"line":41,"column":15},"end":{"line":41,"column":42}},"loc":{"start":{"line":41,"column":70},"end":{"line":54,"column":1}}},"2":{"name":"updateDBAssociationDefinition","decl":{"start":{"line":56,"column":15},"end":{"line":56,"column":44}},"loc":{"start":{"line":56,"column":84},"end":{"line":68,"column":1}}},"3":{"name":"deleteDBAssociationDefinition","decl":{"start":{"line":70,"column":15},"end":{"line":70,"column":44}},"loc":{"start":{"line":70,"column":55},"end":{"line":86,"column":1}}}},"branchMap":{"0":{"loc":{"start":{"line":9,"column":2},"end":{"line":15,"column":null}},"type":"if","locations":[{"start":{"line":9,"column":2},"end":{"line":15,"column":null}}]},"1":{"loc":{"start":{"line":9,"column":6},"end":{"line":13,"column":30}},"type":"binary-expr","locations":[{"start":{"line":9,"column":6},"end":{"line":9,"column":11}},{"start":{"line":10,"column":9},"end":{"line":10,"column":44}},{"start":{"line":11,"column":9},"end":{"line":11,"column":42}},{"start":{"line":12,"column":9},"end":{"line":12,"column":32}},{"start":{"line":13,"column":9},"end":{"line":13,"column":30}}]},"2":{"loc":{"start":{"line":42,"column":2},"end":{"line":44,"column":null}},"type":"if","locations":[{"start":{"line":42,"column":2},"end":{"line":44,"column":null}}]},"3":{"loc":{"start":{"line":42,"column":6},"end":{"line":42,"column":104}},"type":"binary-expr","locations":[{"start":{"line":42,"column":6},"end":{"line":42,"column":26}},{"start":{"line":42,"column":30},"end":{"line":42,"column":48}},{"start":{"line":42,"column":53},"end":{"line":42,"column":77}},{"start":{"line":42,"column":81},"end":{"line":42,"column":103}}]},"4":{"loc":{"start":{"line":78,"column":4},"end":{"line":82,"column":null}},"type":"if","locations":[{"start":{"line":78,"column":4},"end":{"line":82,"column":null}}]},"5":{"loc":{"start":{"line":78,"column":8},"end":{"line":80,"column":33}},"type":"binary-expr","locations":[{"start":{"line":78,"column":8},"end":{"line":78,"column":30}},{"start":{"line":79,"column":11},"end":{"line":79,"column":26}},{"start":{"line":80,"column":11},"end":{"line":80,"column":33}}]}},"s":{"0":5,"1":5,"2":4,"3":0,"4":4,"5":4,"6":4,"7":4,"8":3,"9":1,"10":1,"11":5,"12":2,"13":0,"14":2,"15":2,"16":1,"17":1,"18":1,"19":1,"20":5,"21":3,"22":3,"23":2,"24":2,"25":1,"26":1,"27":5,"28":3,"29":3,"30":1,"31":1,"32":2,"33":1,"34":1,"35":1,"36":5},"f":{"0":4,"1":2,"2":3,"3":3},"b":{"0":[0],"1":[4,4,4,4,4],"2":[0],"3":[2,2,2,2],"4":[1],"5":[2,2,2]}}
,"/Users/zradford/src/associations-server/src/prisma-client/mappedAssociations.ts": {"path":"/Users/zradford/src/associations-server/src/prisma-client/mappedAssociations.ts","statementMap":{"0":{"start":{"line":2,"column":0},"end":{"line":2,"column":41}},"1":{"start":{"line":3,"column":0},"end":{"line":3,"column":45}},"2":{"start":{"line":6,"column":2},"end":{"line":18,"column":null}},"3":{"start":{"line":7,"column":21},"end":{"line":13,"column":6}},"4":{"start":{"line":14,"column":4},"end":{"line":14,"column":20}},"5":{"start":{"line":16,"column":4},"end":{"line":16,"column":53}},"6":{"start":{"line":17,"column":4},"end":{"line":17,"column":16}},"7":{"start":{"line":142,"column":2},"end":{"line":142,"column":15}},"8":{"start":{"line":36,"column":6},"end":{"line":36,"column":18}},"9":{"start":{"line":38,"column":2},"end":{"line":74,"column":null}},"10":{"start":{"line":39,"column":26},"end":{"line":68,"column":6}},"11":{"start":{"line":70,"column":4},"end":{"line":70,"column":25}},"12":{"start":{"line":72,"column":4},"end":{"line":72,"column":94}},"13":{"start":{"line":73,"column":4},"end":{"line":73,"column":16}},"14":{"start":{"line":143,"column":2},"end":{"line":143,"column":15}},"15":{"start":{"line":78,"column":2},"end":{"line":88,"column":null}},"16":{"start":{"line":79,"column":4},"end":{"line":83,"column":7}},"17":{"start":{"line":84,"column":4},"end":{"line":84,"column":64}},"18":{"start":{"line":86,"column":4},"end":{"line":86,"column":85}},"19":{"start":{"line":87,"column":4},"end":{"line":87,"column":16}},"20":{"start":{"line":144,"column":2},"end":{"line":144,"column":17}},"21":{"start":{"line":92,"column":2},"end":{"line":106,"column":null}},"22":{"start":{"line":93,"column":20},"end":{"line":95,"column":6}},"23":{"start":{"line":97,"column":4},"end":{"line":100,"column":null}},"24":{"start":{"line":98,"column":6},"end":{"line":98,"column":65}},"25":{"start":{"line":99,"column":6},"end":{"line":99,"column":18}},"26":{"start":{"line":102,"column":4},"end":{"line":102,"column":19}},"27":{"start":{"line":104,"column":4},"end":{"line":104,"column":84}},"28":{"start":{"line":105,"column":4},"end":{"line":105,"column":16}},"29":{"start":{"line":145,"column":2},"end":{"line":145,"column":37}},"30":{"start":{"line":110,"column":2},"end":{"line":126,"column":null}},"31":{"start":{"line":111,"column":20},"end":{"line":115,"column":6}},"32":{"start":{"line":117,"column":4},"end":{"line":120,"column":null}},"33":{"start":{"line":118,"column":6},"end":{"line":118,"column":75}},"34":{"start":{"line":119,"column":6},"end":{"line":119,"column":18}},"35":{"start":{"line":122,"column":4},"end":{"line":122,"column":19}},"36":{"start":{"line":124,"column":4},"end":{"line":124,"column":84}},"37":{"start":{"line":125,"column":4},"end":{"line":125,"column":16}},"38":{"start":{"line":146,"column":2},"end":{"line":146,"column":31}},"39":{"start":{"line":129,"column":2},"end":{"line":129,"column":29}},"40":{"start":{"line":130,"column":2},"end":{"line":137,"column":null}},"41":{"start":{"line":131,"column":21},"end":{"line":131,"column":63}},"42":{"start":{"line":132,"column":4},"end":{"line":132,"column":42}},"43":{"start":{"line":133,"column":4},"end":{"line":133,"column":20}},"44":{"start":{"line":135,"column":4},"end":{"line":135,"column":66}},"45":{"start":{"line":136,"column":4},"end":{"line":136,"column":16}},"46":{"start":{"line":141,"column":2},"end":{"line":141,"column":18}}},"fnMap":{"0":{"name":"getDBMappings","decl":{"start":{"line":5,"column":15},"end":{"line":5,"column":28}},"loc":{"start":{"line":5,"column":59},"end":{"line":19,"column":1}}},"1":{"name":"saveDBMapping","decl":{"start":{"line":21,"column":15},"end":{"line":21,"column":28}},"loc":{"start":{"line":21,"column":61},"end":{"line":75,"column":1}}},"2":{"name":"deleteDBMapping","decl":{"start":{"line":77,"column":15},"end":{"line":77,"column":30}},"loc":{"start":{"line":77,"column":48},"end":{"line":89,"column":1}}},"3":{"name":"getSingleDBAssociationMappingFromId","decl":{"start":{"line":91,"column":15},"end":{"line":91,"column":50}},"loc":{"start":{"line":91,"column":68},"end":{"line":107,"column":1}}},"4":{"name":"getSingleDBAssociationMapping","decl":{"start":{"line":109,"column":15},"end":{"line":109,"column":44}},"loc":{"start":{"line":109,"column":72},"end":{"line":127,"column":1}}},"5":{"name":"getAllDBMappings","decl":{"start":{"line":128,"column":15},"end":{"line":128,"column":31}},"loc":{"start":{"line":128,"column":31},"end":{"line":138,"column":1}}}},"branchMap":{"0":{"loc":{"start":{"line":97,"column":4},"end":{"line":100,"column":null}},"type":"if","locations":[{"start":{"line":97,"column":4},"end":{"line":100,"column":null}}]},"1":{"loc":{"start":{"line":117,"column":4},"end":{"line":120,"column":null}},"type":"if","locations":[{"start":{"line":117,"column":4},"end":{"line":120,"column":null}}]}},"s":{"0":4,"1":4,"2":0,"3":0,"4":0,"5":0,"6":0,"7":4,"8":0,"9":0,"10":0,"11":0,"12":0,"13":0,"14":4,"15":0,"16":0,"17":0,"18":0,"19":0,"20":4,"21":0,"22":0,"23":0,"24":0,"25":0,"26":0,"27":0,"28":0,"29":4,"30":0,"31":0,"32":0,"33":0,"34":0,"35":0,"36":0,"37":0,"38":4,"39":0,"40":0,"41":0,"42":0,"43":0,"44":0,"45":0,"46":4},"f":{"0":0,"1":0,"2":0,"3":0,"4":0,"5":0},"b":{"0":[0],"1":[0]}}
,"/Users/zradford/src/associations-server/src/prisma-client/prisma-initialization.ts": {"path":"/Users/zradford/src/associations-server/src/prisma-client/prisma-initialization.ts","statementMap":{"0":{"start":{"line":1,"column":0},"end":{"line":1,"column":46}},"1":{"start":{"line":3,"column":15},"end":{"line":5,"column":2}},"2":{"start":{"line":7,"column":0},"end":{"line":7,"column":22}}},"fnMap":{},"branchMap":{},"s":{"0":10,"1":10,"2":10},"f":{},"b":{}}
,"/Users/zradford/src/associations-server/src/prisma-client/singleAssociations.ts": {"path":"/Users/zradford/src/associations-server/src/prisma-client/singleAssociations.ts","statementMap":{"0":{"start":{"line":2,"column":0},"end":{"line":2,"column":45}},"1":{"start":{"line":3,"column":0},"end":{"line":3,"column":41}},"2":{"start":{"line":6,"column":2},"end":{"line":14,"column":null}},"3":{"start":{"line":7,"column":25},"end":{"line":9,"column":6}},"4":{"start":{"line":10,"column":4},"end":{"line":10,"column":24}},"5":{"start":{"line":12,"column":4},"end":{"line":12,"column":57}},"6":{"start":{"line":13,"column":4},"end":{"line":13,"column":16}},"7":{"start":{"line":106,"column":2},"end":{"line":106,"column":31}},"8":{"start":{"line":18,"column":2},"end":{"line":26,"column":null}},"9":{"start":{"line":19,"column":24},"end":{"line":21,"column":6}},"10":{"start":{"line":22,"column":4},"end":{"line":22,"column":31}},"11":{"start":{"line":24,"column":4},"end":{"line":24,"column":76}},"12":{"start":{"line":25,"column":4},"end":{"line":25,"column":16}},"13":{"start":{"line":107,"column":2},"end":{"line":107,"column":28}},"14":{"start":{"line":29,"column":26},"end":{"line":75,"column":1}},"15":{"start":{"line":40,"column":6},"end":{"line":40,"column":22}},"16":{"start":{"line":42,"column":2},"end":{"line":74,"column":null}},"17":{"start":{"line":43,"column":30},"end":{"line":68,"column":6}},"18":{"start":{"line":70,"column":4},"end":{"line":70,"column":29}},"19":{"start":{"line":72,"column":4},"end":{"line":72,"column":86}},"20":{"start":{"line":73,"column":4},"end":{"line":73,"column":16}},"21":{"start":{"line":108,"column":2},"end":{"line":108,"column":19}},"22":{"start":{"line":78,"column":2},"end":{"line":80,"column":null}},"23":{"start":{"line":79,"column":4},"end":{"line":79,"column":54}},"24":{"start":{"line":82,"column":2},"end":{"line":90,"column":null}},"25":{"start":{"line":83,"column":24},"end":{"line":85,"column":6}},"26":{"start":{"line":86,"column":4},"end":{"line":86,"column":31}},"27":{"start":{"line":88,"column":4},"end":{"line":88,"column":76}},"28":{"start":{"line":89,"column":4},"end":{"line":89,"column":16}},"29":{"start":{"line":109,"column":2},"end":{"line":109,"column":24}},"30":{"start":{"line":94,"column":2},"end":{"line":102,"column":null}},"31":{"start":{"line":95,"column":31},"end":{"line":97,"column":6}},"32":{"start":{"line":98,"column":4},"end":{"line":98,"column":60}},"33":{"start":{"line":99,"column":4},"end":{"line":99,"column":30}},"34":{"start":{"line":101,"column":4},"end":{"line":101,"column":71}},"35":{"start":{"line":110,"column":2},"end":{"line":110,"column":21}}},"fnMap":{"0":{"name":"getDBAssociationsByCustomerId","decl":{"start":{"line":5,"column":15},"end":{"line":5,"column":44}},"loc":{"start":{"line":5,"column":63},"end":{"line":15,"column":1}}},"1":{"name":"getSingleDBAssociationById","decl":{"start":{"line":17,"column":15},"end":{"line":17,"column":41}},"loc":{"start":{"line":17,"column":52},"end":{"line":27,"column":1}}},"2":{"name":"(anonymous_3)","decl":{"start":{"line":29,"column":26},"end":{"line":29,"column":31}},"loc":{"start":{"line":29,"column":95},"end":{"line":75,"column":1}}},"3":{"name":"getDBSingleAssociation","decl":{"start":{"line":77,"column":15},"end":{"line":77,"column":37}},"loc":{"start":{"line":77,"column":48},"end":{"line":91,"column":1}}},"4":{"name":"deleteDBAssociation","decl":{"start":{"line":93,"column":15},"end":{"line":93,"column":34}},"loc":{"start":{"line":93,"column":45},"end":{"line":103,"column":1}}}},"branchMap":{"0":{"loc":{"start":{"line":22,"column":11},"end":{"line":22,"column":30}},"type":"binary-expr","locations":[{"start":{"line":22,"column":11},"end":{"line":22,"column":22}},{"start":{"line":22,"column":26},"end":{"line":22,"column":30}}]},"1":{"loc":{"start":{"line":78,"column":2},"end":{"line":80,"column":null}},"type":"if","locations":[{"start":{"line":78,"column":2},"end":{"line":80,"column":null}}]},"2":{"loc":{"start":{"line":78,"column":6},"end":{"line":78,"column":23}},"type":"binary-expr","locations":[{"start":{"line":78,"column":6},"end":{"line":78,"column":9}},{"start":{"line":78,"column":13},"end":{"line":78,"column":23}}]},"3":{"loc":{"start":{"line":86,"column":11},"end":{"line":86,"column":30}},"type":"binary-expr","locations":[{"start":{"line":86,"column":11},"end":{"line":86,"column":22}},{"start":{"line":86,"column":26},"end":{"line":86,"column":30}}]}},"s":{"0":5,"1":5,"2":2,"3":2,"4":1,"5":1,"6":1,"7":5,"8":2,"9":2,"10":1,"11":1,"12":1,"13":5,"14":5,"15":2,"16":2,"17":2,"18":1,"19":1,"20":1,"21":5,"22":0,"23":0,"24":0,"25":0,"26":0,"27":0,"28":0,"29":5,"30":2,"31":2,"32":1,"33":1,"34":1,"35":5},"f":{"0":2,"1":2,"2":2,"3":0,"4":2},"b":{"0":[1,0],"1":[0],"2":[0,0],"3":[0,0]}}
,"/Users/zradford/src/associations-server/src/routes/associationRoutes.ts": {"path":"/Users/zradford/src/associations-server/src/routes/associationRoutes.ts","statementMap":{"0":{"start":{"line":1,"column":0},"end":{"line":1,"column":53}},"1":{"start":{"line":2,"column":0},"end":{"line":2,"column":null}},"2":{"start":{"line":7,"column":0},"end":{"line":7,"column":41}},"3":{"start":{"line":9,"column":15},"end":{"line":9,"column":31}},"4":{"start":{"line":133,"column":0},"end":{"line":153,"column":3}},"5":{"start":{"line":134,"column":2},"end":{"line":152,"column":null}},"6":{"start":{"line":135,"column":24},"end":{"line":135,"column":82}},"7":{"start":{"line":136,"column":4},"end":{"line":141,"column":null}},"8":{"start":{"line":137,"column":6},"end":{"line":140,"column":9}},"9":{"start":{"line":142,"column":4},"end":{"line":145,"column":7}},"10":{"start":{"line":147,"column":4},"end":{"line":147,"column":52}},"11":{"start":{"line":148,"column":4},"end":{"line":151,"column":7}},"12":{"start":{"line":215,"column":0},"end":{"line":236,"column":3}},"13":{"start":{"line":216,"column":28},"end":{"line":216,"column":38}},"14":{"start":{"line":217,"column":2},"end":{"line":235,"column":null}},"15":{"start":{"line":218,"column":19},"end":{"line":218,"column":59}},"16":{"start":{"line":219,"column":4},"end":{"line":224,"column":null}},"17":{"start":{"line":220,"column":6},"end":{"line":223,"column":9}},"18":{"start":{"line":225,"column":4},"end":{"line":228,"column":7}},"19":{"start":{"line":230,"column":4},"end":{"line":230,"column":55}},"20":{"start":{"line":231,"column":4},"end":{"line":234,"column":7}},"21":{"start":{"line":339,"column":0},"end":{"line":368,"column":3}},"22":{"start":{"line":340,"column":2},"end":{"line":345,"column":null}},"23":{"start":{"line":341,"column":4},"end":{"line":344,"column":7}},"24":{"start":{"line":347,"column":2},"end":{"line":367,"column":null}},"25":{"start":{"line":348,"column":27},"end":{"line":348,"column":60}},"26":{"start":{"line":350,"column":4},"end":{"line":355,"column":null}},"27":{"start":{"line":351,"column":6},"end":{"line":354,"column":9}},"28":{"start":{"line":357,"column":4},"end":{"line":360,"column":7}},"29":{"start":{"line":362,"column":4},"end":{"line":362,"column":53}},"30":{"start":{"line":363,"column":4},"end":{"line":366,"column":7}},"31":{"start":{"line":370,"column":0},"end":{"line":370,"column":22}}},"fnMap":{"0":{"name":"(anonymous_1)","decl":{"start":{"line":133,"column":30},"end":{"line":133,"column":35}},"loc":{"start":{"line":133,"column":68},"end":{"line":153,"column":1}}},"1":{"name":"(anonymous_2)","decl":{"start":{"line":215,"column":33},"end":{"line":215,"column":38}},"loc":{"start":{"line":215,"column":71},"end":{"line":236,"column":1}}},"2":{"name":"(anonymous_3)","decl":{"start":{"line":339,"column":17},"end":{"line":339,"column":22}},"loc":{"start":{"line":339,"column":55},"end":{"line":368,"column":1}}}},"branchMap":{"0":{"loc":{"start":{"line":136,"column":4},"end":{"line":141,"column":null}},"type":"if","locations":[{"start":{"line":136,"column":4},"end":{"line":141,"column":null}}]},"1":{"loc":{"start":{"line":150,"column":59},"end":{"line":150,"column":115}},"type":"cond-expr","locations":[{"start":{"line":150,"column":84},"end":{"line":150,"column":97}},{"start":{"line":150,"column":100},"end":{"line":150,"column":115}}]},"2":{"loc":{"start":{"line":219,"column":4},"end":{"line":224,"column":null}},"type":"if","locations":[{"start":{"line":219,"column":4},"end":{"line":224,"column":null}}]},"3":{"loc":{"start":{"line":233,"column":45},"end":{"line":233,"column":101}},"type":"cond-expr","locations":[{"start":{"line":233,"column":70},"end":{"line":233,"column":83}},{"start":{"line":233,"column":86},"end":{"line":233,"column":101}}]},"4":{"loc":{"start":{"line":340,"column":2},"end":{"line":345,"column":null}},"type":"if","locations":[{"start":{"line":340,"column":2},"end":{"line":345,"column":null}}]},"5":{"loc":{"start":{"line":340,"column":6},"end":{"line":340,"column":53}},"type":"binary-expr","locations":[{"start":{"line":340,"column":6},"end":{"line":340,"column":15}},{"start":{"line":340,"column":19},"end":{"line":340,"column":53}}]},"6":{"loc":{"start":{"line":350,"column":4},"end":{"line":355,"column":null}},"type":"if","locations":[{"start":{"line":350,"column":4},"end":{"line":355,"column":null}}]},"7":{"loc":{"start":{"line":350,"column":8},"end":{"line":350,"column":45}},"type":"binary-expr","locations":[{"start":{"line":350,"column":8},"end":{"line":350,"column":23}},{"start":{"line":350,"column":27},"end":{"line":350,"column":45}}]},"8":{"loc":{"start":{"line":365,"column":43},"end":{"line":365,"column":99}},"type":"cond-expr","locations":[{"start":{"line":365,"column":68},"end":{"line":365,"column":81}},{"start":{"line":365,"column":84},"end":{"line":365,"column":99}}]}},"s":{"0":4,"1":4,"2":4,"3":4,"4":4,"5":3,"6":3,"7":2,"8":1,"9":1,"10":1,"11":1,"12":4,"13":3,"14":3,"15":3,"16":2,"17":1,"18":1,"19":1,"20":1,"21":4,"22":5,"23":1,"24":4,"25":4,"26":2,"27":1,"28":1,"29":2,"30":2,"31":4},"f":{"0":3,"1":3,"2":5},"b":{"0":[1],"1":[1,0],"2":[1],"3":[1,0],"4":[1],"5":[5,5],"6":[1],"7":[2,1],"8":[2,0]}}
,"/Users/zradford/src/associations-server/src/routes/authRoutes.ts": {"path":"/Users/zradford/src/associations-server/src/routes/authRoutes.ts","statementMap":{"0":{"start":{"line":1,"column":0},"end":{"line":1,"column":53}},"1":{"start":{"line":2,"column":0},"end":{"line":2,"column":46}},"2":{"start":{"line":4,"column":15},"end":{"line":4,"column":31}},"3":{"start":{"line":6,"column":0},"end":{"line":8,"column":3}},"4":{"start":{"line":7,"column":2},"end":{"line":7,"column":24}},"5":{"start":{"line":10,"column":0},"end":{"line":24,"column":3}},"6":{"start":{"line":11,"column":19},"end":{"line":11,"column":28}},"7":{"start":{"line":12,"column":2},"end":{"line":23,"column":null}},"8":{"start":{"line":13,"column":4},"end":{"line":22,"column":null}},"9":{"start":{"line":14,"column":23},"end":{"line":14,"column":56}},"10":{"start":{"line":15,"column":6},"end":{"line":19,"column":null}},"11":{"start":{"line":16,"column":32},"end":{"line":16,"column":40}},"12":{"start":{"line":17,"column":8},"end":{"line":17,"column":52}},"13":{"start":{"line":18,"column":8},"end":{"line":18,"column":29}},"14":{"start":{"line":21,"column":6},"end":{"line":21,"column":26}},"15":{"start":{"line":26,"column":0},"end":{"line":26,"column":22}}},"fnMap":{"0":{"name":"(anonymous_1)","decl":{"start":{"line":6,"column":16},"end":{"line":6,"column":17}},"loc":{"start":{"line":6,"column":48},"end":{"line":8,"column":1}}},"1":{"name":"(anonymous_2)","decl":{"start":{"line":10,"column":30},"end":{"line":10,"column":35}},"loc":{"start":{"line":10,"column":68},"end":{"line":24,"column":1}}}},"branchMap":{"0":{"loc":{"start":{"line":12,"column":2},"end":{"line":23,"column":null}},"type":"if","locations":[{"start":{"line":12,"column":2},"end":{"line":23,"column":null}}]},"1":{"loc":{"start":{"line":15,"column":6},"end":{"line":19,"column":null}},"type":"if","locations":[{"start":{"line":15,"column":6},"end":{"line":19,"column":null}}]}},"s":{"0":3,"1":3,"2":3,"3":3,"4":0,"5":3,"6":0,"7":0,"8":0,"9":0,"10":0,"11":0,"12":0,"13":0,"14":0,"15":3},"f":{"0":0,"1":0},"b":{"0":[0],"1":[0]}}
,"/Users/zradford/src/associations-server/src/routes/definitionRoutes.ts": {"path":"/Users/zradford/src/associations-server/src/routes/definitionRoutes.ts","statementMap":{"0":{"start":{"line":1,"column":0},"end":{"line":1,"column":53}},"1":{"start":{"line":2,"column":0},"end":{"line":2,"column":null}},"2":{"start":{"line":8,"column":0},"end":{"line":8,"column":null}},"3":{"start":{"line":14,"column":0},"end":{"line":14,"column":41}},"4":{"start":{"line":16,"column":15},"end":{"line":16,"column":31}},"5":{"start":{"line":169,"column":0},"end":{"line":196,"column":3}},"6":{"start":{"line":170,"column":35},"end":{"line":170,"column":45}},"7":{"start":{"line":172,"column":2},"end":{"line":177,"column":null}},"8":{"start":{"line":173,"column":4},"end":{"line":176,"column":7}},"9":{"start":{"line":179,"column":2},"end":{"line":195,"column":null}},"10":{"start":{"line":180,"column":50},"end":{"line":183,"column":6}},"11":{"start":{"line":185,"column":4},"end":{"line":188,"column":7}},"12":{"start":{"line":190,"column":4},"end":{"line":190,"column":66}},"13":{"start":{"line":191,"column":4},"end":{"line":194,"column":7}},"14":{"start":{"line":244,"column":0},"end":{"line":268,"column":3}},"15":{"start":{"line":245,"column":28},"end":{"line":245,"column":38}},"16":{"start":{"line":247,"column":2},"end":{"line":252,"column":null}},"17":{"start":{"line":248,"column":4},"end":{"line":251,"column":7}},"18":{"start":{"line":254,"column":2},"end":{"line":267,"column":null}},"19":{"start":{"line":255,"column":4},"end":{"line":255,"column":55}},"20":{"start":{"line":256,"column":21},"end":{"line":256,"column":65}},"21":{"start":{"line":257,"column":4},"end":{"line":260,"column":7}},"22":{"start":{"line":262,"column":4},"end":{"line":262,"column":67}},"23":{"start":{"line":263,"column":4},"end":{"line":266,"column":7}},"24":{"start":{"line":315,"column":0},"end":{"line":347,"column":3}},"25":{"start":{"line":316,"column":2},"end":{"line":321,"column":null}},"26":{"start":{"line":317,"column":4},"end":{"line":320,"column":7}},"27":{"start":{"line":323,"column":2},"end":{"line":346,"column":null}},"28":{"start":{"line":324,"column":21},"end":{"line":324,"column":62}},"29":{"start":{"line":325,"column":4},"end":{"line":330,"column":null}},"30":{"start":{"line":326,"column":6},"end":{"line":329,"column":9}},"31":{"start":{"line":332,"column":21},"end":{"line":332,"column":47}},"32":{"start":{"line":333,"column":23},"end":{"line":333,"column":49}},"33":{"start":{"line":334,"column":4},"end":{"line":334,"column":77}},"34":{"start":{"line":336,"column":4},"end":{"line":339,"column":7}},"35":{"start":{"line":341,"column":4},"end":{"line":341,"column":64}},"36":{"start":{"line":342,"column":4},"end":{"line":345,"column":7}},"37":{"start":{"line":395,"column":0},"end":{"line":410,"column":3}},"38":{"start":{"line":396,"column":2},"end":{"line":409,"column":null}},"39":{"start":{"line":397,"column":4},"end":{"line":397,"column":65}},"40":{"start":{"line":398,"column":21},"end":{"line":398,"column":64}},"41":{"start":{"line":399,"column":4},"end":{"line":402,"column":7}},"42":{"start":{"line":404,"column":4},"end":{"line":404,"column":87}},"43":{"start":{"line":405,"column":4},"end":{"line":408,"column":7}},"44":{"start":{"line":412,"column":0},"end":{"line":412,"column":22}}},"fnMap":{"0":{"name":"(anonymous_1)","decl":{"start":{"line":169,"column":37},"end":{"line":169,"column":42}},"loc":{"start":{"line":169,"column":75},"end":{"line":196,"column":1}}},"1":{"name":"(anonymous_2)","decl":{"start":{"line":244,"column":33},"end":{"line":244,"column":38}},"loc":{"start":{"line":244,"column":71},"end":{"line":268,"column":1}}},"2":{"name":"(anonymous_3)","decl":{"start":{"line":315,"column":17},"end":{"line":315,"column":22}},"loc":{"start":{"line":315,"column":55},"end":{"line":347,"column":1}}},"3":{"name":"(anonymous_4)","decl":{"start":{"line":395,"column":19},"end":{"line":395,"column":24}},"loc":{"start":{"line":395,"column":57},"end":{"line":410,"column":1}}}},"branchMap":{"0":{"loc":{"start":{"line":172,"column":2},"end":{"line":177,"column":null}},"type":"if","locations":[{"start":{"line":172,"column":2},"end":{"line":177,"column":null}}]},"1":{"loc":{"start":{"line":172,"column":6},"end":{"line":172,"column":30}},"type":"binary-expr","locations":[{"start":{"line":172,"column":6},"end":{"line":172,"column":17}},{"start":{"line":172,"column":21},"end":{"line":172,"column":30}}]},"2":{"loc":{"start":{"line":193,"column":56},"end":{"line":193,"column":112}},"type":"cond-expr","locations":[{"start":{"line":193,"column":81},"end":{"line":193,"column":94}},{"start":{"line":193,"column":97},"end":{"line":193,"column":112}}]},"3":{"loc":{"start":{"line":247,"column":2},"end":{"line":252,"column":null}},"type":"if","locations":[{"start":{"line":247,"column":2},"end":{"line":252,"column":null}}]},"4":{"loc":{"start":{"line":265,"column":58},"end":{"line":265,"column":114}},"type":"cond-expr","locations":[{"start":{"line":265,"column":83},"end":{"line":265,"column":96}},{"start":{"line":265,"column":99},"end":{"line":265,"column":114}}]},"5":{"loc":{"start":{"line":316,"column":2},"end":{"line":321,"column":null}},"type":"if","locations":[{"start":{"line":316,"column":2},"end":{"line":321,"column":null}}]},"6":{"loc":{"start":{"line":316,"column":6},"end":{"line":316,"column":53}},"type":"binary-expr","locations":[{"start":{"line":316,"column":6},"end":{"line":316,"column":15}},{"start":{"line":316,"column":19},"end":{"line":316,"column":53}}]},"7":{"loc":{"start":{"line":325,"column":4},"end":{"line":330,"column":null}},"type":"if","locations":[{"start":{"line":325,"column":4},"end":{"line":330,"column":null}}]},"8":{"loc":{"start":{"line":325,"column":8},"end":{"line":325,"column":74}},"type":"binary-expr","locations":[{"start":{"line":325,"column":8},"end":{"line":325,"column":39}},{"start":{"line":325,"column":43},"end":{"line":325,"column":74}}]},"9":{"loc":{"start":{"line":344,"column":54},"end":{"line":344,"column":110}},"type":"cond-expr","locations":[{"start":{"line":344,"column":79},"end":{"line":344,"column":92}},{"start":{"line":344,"column":95},"end":{"line":344,"column":110}}]},"10":{"loc":{"start":{"line":407,"column":54},"end":{"line":407,"column":110}},"type":"cond-expr","locations":[{"start":{"line":407,"column":79},"end":{"line":407,"column":92}},{"start":{"line":407,"column":95},"end":{"line":407,"column":110}}]}},"s":{"0":4,"1":4,"2":4,"3":4,"4":4,"5":4,"6":2,"7":2,"8":0,"9":2,"10":2,"11":1,"12":1,"13":1,"14":4,"15":2,"16":2,"17":0,"18":2,"19":2,"20":1,"21":1,"22":1,"23":1,"24":4,"25":3,"26":1,"27":2,"28":2,"29":2,"30":1,"31":1,"32":1,"33":1,"34":1,"35":0,"36":0,"37":4,"38":2,"39":2,"40":1,"41":1,"42":1,"43":1,"44":4},"f":{"0":2,"1":2,"2":3,"3":2},"b":{"0":[0],"1":[2,2],"2":[1,0],"3":[0],"4":[1,0],"5":[1],"6":[3,3],"7":[1],"8":[2,1],"9":[0,0],"10":[1,0]}}
,"/Users/zradford/src/associations-server/src/routes/mappingRoutes.ts": {"path":"/Users/zradford/src/associations-server/src/routes/mappingRoutes.ts","statementMap":{"0":{"start":{"line":1,"column":0},"end":{"line":1,"column":53}},"1":{"start":{"line":2,"column":0},"end":{"line":2,"column":null}},"2":{"start":{"line":7,"column":0},"end":{"line":7,"column":null}},"3":{"start":{"line":13,"column":0},"end":{"line":13,"column":null}},"4":{"start":{"line":17,"column":0},"end":{"line":17,"column":null}},"5":{"start":{"line":21,"column":0},"end":{"line":21,"column":41}},"6":{"start":{"line":23,"column":15},"end":{"line":23,"column":31}},"7":{"start":{"line":117,"column":0},"end":{"line":147,"column":3}},"8":{"start":{"line":118,"column":2},"end":{"line":123,"column":null}},"9":{"start":{"line":119,"column":4},"end":{"line":122,"column":7}},"10":{"start":{"line":125,"column":2},"end":{"line":146,"column":null}},"11":{"start":{"line":126,"column":28},"end":{"line":126,"column":36}},"12":{"start":{"line":127,"column":42},"end":{"line":130,"column":6}},"13":{"start":{"line":132,"column":4},"end":{"line":134,"column":null}},"14":{"start":{"line":133,"column":6},"end":{"line":133,"column":52}},"15":{"start":{"line":136,"column":4},"end":{"line":139,"column":7}},"16":{"start":{"line":141,"column":4},"end":{"line":141,"column":61}},"17":{"start":{"line":142,"column":4},"end":{"line":145,"column":7}},"18":{"start":{"line":172,"column":0},"end":{"line":192,"column":3}},"19":{"start":{"line":173,"column":2},"end":{"line":191,"column":null}},"20":{"start":{"line":174,"column":21},"end":{"line":174,"column":29}},"21":{"start":{"line":175,"column":4},"end":{"line":175,"column":38}},"22":{"start":{"line":176,"column":4},"end":{"line":180,"column":null}},"23":{"start":{"line":177,"column":6},"end":{"line":179,"column":9}},"24":{"start":{"line":181,"column":23},"end":{"line":181,"column":57}},"25":{"start":{"line":182,"column":28},"end":{"line":182,"column":71}},"26":{"start":{"line":184,"column":4},"end":{"line":187,"column":7}},"27":{"start":{"line":189,"column":4},"end":{"line":189,"column":79}},"28":{"start":{"line":190,"column":4},"end":{"line":190,"column":82}},"29":{"start":{"line":240,"column":0},"end":{"line":274,"column":3}},"30":{"start":{"line":241,"column":25},"end":{"line":241,"column":33}},"31":{"start":{"line":243,"column":2},"end":{"line":248,"column":null}},"32":{"start":{"line":244,"column":4},"end":{"line":247,"column":7}},"33":{"start":{"line":250,"column":2},"end":{"line":273,"column":null}},"34":{"start":{"line":251,"column":32},"end":{"line":251,"column":79}},"35":{"start":{"line":252,"column":21},"end":{"line":252,"column":60}},"36":{"start":{"line":254,"column":4},"end":{"line":260,"column":null}},"37":{"start":{"line":255,"column":6},"end":{"line":255,"column":64}},"38":{"start":{"line":256,"column":6},"end":{"line":259,"column":9}},"39":{"start":{"line":262,"column":4},"end":{"line":265,"column":7}},"40":{"start":{"line":267,"column":4},"end":{"line":267,"column":52}},"41":{"start":{"line":268,"column":4},"end":{"line":272,"column":7}},"42":{"start":{"line":322,"column":0},"end":{"line":353,"column":3}},"43":{"start":{"line":323,"column":2},"end":{"line":352,"column":null}},"44":{"start":{"line":324,"column":26},"end":{"line":324,"column":36}},"45":{"start":{"line":325,"column":4},"end":{"line":330,"column":null}},"46":{"start":{"line":326,"column":6},"end":{"line":329,"column":9}},"47":{"start":{"line":332,"column":49},"end":{"line":335,"column":6}},"48":{"start":{"line":337,"column":4},"end":{"line":339,"column":null}},"49":{"start":{"line":338,"column":6},"end":{"line":338,"column":66}},"50":{"start":{"line":341,"column":4},"end":{"line":343,"column":null}},"51":{"start":{"line":342,"column":6},"end":{"line":342,"column":64}},"52":{"start":{"line":345,"column":4},"end":{"line":345,"column":61}},"53":{"start":{"line":347,"column":4},"end":{"line":347,"column":84}},"54":{"start":{"line":348,"column":4},"end":{"line":351,"column":7}},"55":{"start":{"line":394,"column":0},"end":{"line":422,"column":3}},"56":{"start":{"line":395,"column":2},"end":{"line":421,"column":null}},"57":{"start":{"line":396,"column":26},"end":{"line":396,"column":36}},"58":{"start":{"line":398,"column":4},"end":{"line":403,"column":null}},"59":{"start":{"line":399,"column":6},"end":{"line":402,"column":9}},"60":{"start":{"line":405,"column":31},"end":{"line":405,"column":83}},"61":{"start":{"line":407,"column":4},"end":{"line":412,"column":null}},"62":{"start":{"line":408,"column":6},"end":{"line":411,"column":9}},"63":{"start":{"line":414,"column":4},"end":{"line":414,"column":40}},"64":{"start":{"line":416,"column":4},"end":{"line":416,"column":60}},"65":{"start":{"line":417,"column":4},"end":{"line":420,"column":7}},"66":{"start":{"line":446,"column":0},"end":{"line":460,"column":3}},"67":{"start":{"line":447,"column":2},"end":{"line":459,"column":null}},"68":{"start":{"line":448,"column":21},"end":{"line":448,"column":45}},"69":{"start":{"line":449,"column":4},"end":{"line":452,"column":7}},"70":{"start":{"line":454,"column":4},"end":{"line":454,"column":65}},"71":{"start":{"line":455,"column":4},"end":{"line":458,"column":7}},"72":{"start":{"line":462,"column":0},"end":{"line":462,"column":22}}},"fnMap":{"0":{"name":"(anonymous_1)","decl":{"start":{"line":117,"column":17},"end":{"line":117,"column":22}},"loc":{"start":{"line":117,"column":55},"end":{"line":147,"column":1}}},"1":{"name":"(anonymous_2)","decl":{"start":{"line":172,"column":22},"end":{"line":172,"column":27}},"loc":{"start":{"line":172,"column":60},"end":{"line":192,"column":1}}},"2":{"name":"(anonymous_3)","decl":{"start":{"line":240,"column":24},"end":{"line":240,"column":29}},"loc":{"start":{"line":240,"column":62},"end":{"line":274,"column":1}}},"3":{"name":"(anonymous_4)","decl":{"start":{"line":322,"column":35},"end":{"line":322,"column":40}},"loc":{"start":{"line":322,"column":73},"end":{"line":353,"column":1}}},"4":{"name":"(anonymous_5)","decl":{"start":{"line":394,"column":32},"end":{"line":394,"column":37}},"loc":{"start":{"line":394,"column":70},"end":{"line":422,"column":1}}},"5":{"name":"(anonymous_6)","decl":{"start":{"line":446,"column":19},"end":{"line":446,"column":24}},"loc":{"start":{"line":446,"column":57},"end":{"line":460,"column":1}}}},"branchMap":{"0":{"loc":{"start":{"line":118,"column":2},"end":{"line":123,"column":null}},"type":"if","locations":[{"start":{"line":118,"column":2},"end":{"line":123,"column":null}}]},"1":{"loc":{"start":{"line":118,"column":6},"end":{"line":118,"column":53}},"type":"binary-expr","locations":[{"start":{"line":118,"column":6},"end":{"line":118,"column":15}},{"start":{"line":118,"column":19},"end":{"line":118,"column":53}}]},"2":{"loc":{"start":{"line":132,"column":4},"end":{"line":134,"column":null}},"type":"if","locations":[{"start":{"line":132,"column":4},"end":{"line":134,"column":null}}]},"3":{"loc":{"start":{"line":132,"column":8},"end":{"line":132,"column":52}},"type":"binary-expr","locations":[{"start":{"line":132,"column":8},"end":{"line":132,"column":37}},{"start":{"line":132,"column":41},"end":{"line":132,"column":52}}]},"4":{"loc":{"start":{"line":144,"column":51},"end":{"line":144,"column":107}},"type":"cond-expr","locations":[{"start":{"line":144,"column":76},"end":{"line":144,"column":89}},{"start":{"line":144,"column":92},"end":{"line":144,"column":107}}]},"5":{"loc":{"start":{"line":176,"column":4},"end":{"line":180,"column":null}},"type":"if","locations":[{"start":{"line":176,"column":4},"end":{"line":180,"column":null}}]},"6":{"loc":{"start":{"line":176,"column":8},"end":{"line":176,"column":57}},"type":"binary-expr","locations":[{"start":{"line":176,"column":8},"end":{"line":176,"column":32}},{"start":{"line":176,"column":36},"end":{"line":176,"column":57}}]},"7":{"loc":{"start":{"line":243,"column":2},"end":{"line":248,"column":null}},"type":"if","locations":[{"start":{"line":243,"column":2},"end":{"line":248,"column":null}}]},"8":{"loc":{"start":{"line":243,"column":6},"end":{"line":243,"column":59}},"type":"binary-expr","locations":[{"start":{"line":243,"column":6},"end":{"line":243,"column":32}},{"start":{"line":243,"column":36},"end":{"line":243,"column":59}}]},"9":{"loc":{"start":{"line":254,"column":4},"end":{"line":260,"column":null}},"type":"if","locations":[{"start":{"line":254,"column":4},"end":{"line":260,"column":null}}]},"10":{"loc":{"start":{"line":270,"column":43},"end":{"line":270,"column":99}},"type":"cond-expr","locations":[{"start":{"line":270,"column":68},"end":{"line":270,"column":81}},{"start":{"line":270,"column":84},"end":{"line":270,"column":99}}]},"11":{"loc":{"start":{"line":271,"column":15},"end":{"line":271,"column":71}},"type":"cond-expr","locations":[{"start":{"line":271,"column":40},"end":{"line":271,"column":53}},{"start":{"line":271,"column":56},"end":{"line":271,"column":71}}]},"12":{"loc":{"start":{"line":325,"column":4},"end":{"line":330,"column":null}},"type":"if","locations":[{"start":{"line":325,"column":4},"end":{"line":330,"column":null}}]},"13":{"loc":{"start":{"line":337,"column":4},"end":{"line":339,"column":null}},"type":"if","locations":[{"start":{"line":337,"column":4},"end":{"line":339,"column":null}}]},"14":{"loc":{"start":{"line":341,"column":4},"end":{"line":343,"column":null}},"type":"if","locations":[{"start":{"line":341,"column":4},"end":{"line":343,"column":null}}]},"15":{"loc":{"start":{"line":350,"column":41},"end":{"line":350,"column":97}},"type":"cond-expr","locations":[{"start":{"line":350,"column":66},"end":{"line":350,"column":79}},{"start":{"line":350,"column":82},"end":{"line":350,"column":97}}]},"16":{"loc":{"start":{"line":398,"column":4},"end":{"line":403,"column":null}},"type":"if","locations":[{"start":{"line":398,"column":4},"end":{"line":403,"column":null}}]},"17":{"loc":{"start":{"line":407,"column":4},"end":{"line":412,"column":null}},"type":"if","locations":[{"start":{"line":407,"column":4},"end":{"line":412,"column":null}}]},"18":{"loc":{"start":{"line":419,"column":41},"end":{"line":419,"column":97}},"type":"cond-expr","locations":[{"start":{"line":419,"column":66},"end":{"line":419,"column":79}},{"start":{"line":419,"column":82},"end":{"line":419,"column":97}}]},"19":{"loc":{"start":{"line":457,"column":40},"end":{"line":457,"column":96}},"type":"cond-expr","locations":[{"start":{"line":457,"column":65},"end":{"line":457,"column":78}},{"start":{"line":457,"column":81},"end":{"line":457,"column":96}}]}},"s":{"0":4,"1":4,"2":4,"3":4,"4":4,"5":4,"6":4,"7":4,"8":3,"9":1,"10":2,"11":2,"12":2,"13":1,"14":0,"15":1,"16":1,"17":1,"18":4,"19":3,"20":3,"21":3,"22":3,"23":1,"24":2,"25":1,"26":1,"27":1,"28":1,"29":4,"30":3,"31":3,"32":1,"33":2,"34":2,"35":2,"36":2,"37":1,"38":1,"39":1,"40":0,"41":0,"42":4,"43":2,"44":2,"45":2,"46":0,"47":2,"48":2,"49":1,"50":1,"51":1,"52":1,"53":0,"54":0,"55":4,"56":2,"57":2,"58":2,"59":0,"60":2,"61":2,"62":1,"63":1,"64":0,"65":0,"66":4,"67":2,"68":2,"69":1,"70":1,"71":1,"72":4},"f":{"0":3,"1":3,"2":3,"3":2,"4":2,"5":2},"b":{"0":[1],"1":[3,3],"2":[0],"3":[1,1],"4":[1,0],"5":[1],"6":[3,3],"7":[1],"8":[3,3],"9":[1],"10":[0,0],"11":[0,0],"12":[0],"13":[1],"14":[1],"15":[0,0],"16":[0],"17":[1],"18":[0,0],"19":[1,0]}}
,"/Users/zradford/src/associations-server/src/utils/error.ts": {"path":"/Users/zradford/src/associations-server/src/utils/error.ts","statementMap":{"0":{"start":{"line":1,"column":0},"end":{"line":1,"column":30}},"1":{"start":{"line":3,"column":0},"end":{"line":3,"column":55}},"2":{"start":{"line":4,"column":0},"end":{"line":4,"column":28}},"3":{"start":{"line":7,"column":2},"end":{"line":42,"column":null}},"4":{"start":{"line":8,"column":4},"end":{"line":8,"column":51}},"5":{"start":{"line":10,"column":31},"end":{"line":26,"column":6}},"6":{"start":{"line":11,"column":6},"end":{"line":19,"column":9}},"7":{"start":{"line":12,"column":8},"end":{"line":12,"column":53}},"8":{"start":{"line":13,"column":8},"end":{"line":18,"column":null}},"9":{"start":{"line":14,"column":10},"end":{"line":14,"column":58}},"10":{"start":{"line":15,"column":10},"end":{"line":15,"column":22}},"11":{"start":{"line":17,"column":10},"end":{"line":17,"column":20}},"12":{"start":{"line":22,"column":6},"end":{"line":25,"column":15}},"13":{"start":{"line":23,"column":8},"end":{"line":23,"column":63}},"14":{"start":{"line":24,"column":8},"end":{"line":24,"column":18}},"15":{"start":{"line":28,"column":4},"end":{"line":35,"column":7}},"16":{"start":{"line":30,"column":8},"end":{"line":30,"column":56}},"17":{"start":{"line":32,"column":8},"end":{"line":32,"column":57}},"18":{"start":{"line":34,"column":40},"end":{"line":34,"column":96}},"19":{"start":{"line":37,"column":4},"end":{"line":37,"column":47}},"20":{"start":{"line":38,"column":4},"end":{"line":38,"column":20}},"21":{"start":{"line":40,"column":4},"end":{"line":40,"column":49}},"22":{"start":{"line":41,"column":4},"end":{"line":41,"column":20}},"23":{"start":{"line":46,"column":2},"end":{"line":46,"column":53}},"24":{"start":{"line":49,"column":2},"end":{"line":49,"column":88}},"25":{"start":{"line":53,"column":27},"end":{"line":53,"column":50}},"26":{"start":{"line":54,"column":2},"end":{"line":54,"column":39}},"27":{"start":{"line":54,"column":15},"end":{"line":54,"column":39}},"28":{"start":{"line":55,"column":2},"end":{"line":63,"column":null}},"29":{"start":{"line":56,"column":4},"end":{"line":56,"column":26}},"30":{"start":{"line":57,"column":9},"end":{"line":63,"column":null}},"31":{"start":{"line":58,"column":4},"end":{"line":58,"column":31}},"32":{"start":{"line":59,"column":9},"end":{"line":63,"column":null}},"33":{"start":{"line":60,"column":4},"end":{"line":60,"column":27}},"34":{"start":{"line":62,"column":4},"end":{"line":62,"column":47}},"35":{"start":{"line":64,"column":2},"end":{"line":64,"column":15}},"36":{"start":{"line":68,"column":25},"end":{"line":68,"column":52}},"37":{"start":{"line":69,"column":2},"end":{"line":69,"column":31}},"38":{"start":{"line":71,"column":2},"end":{"line":71,"column":27}},"39":{"start":{"line":71,"column":16},"end":{"line":71,"column":27}},"40":{"start":{"line":74,"column":0},"end":{"line":74,"column":27}}},"fnMap":{"0":{"name":"shutdown","decl":{"start":{"line":6,"column":15},"end":{"line":6,"column":23}},"loc":{"start":{"line":6,"column":23},"end":{"line":43,"column":1}}},"1":{"name":"(anonymous_2)","decl":{"start":{"line":10,"column":49},"end":{"line":10,"column":50}},"loc":{"start":{"line":10,"column":69},"end":{"line":26,"column":5}}},"2":{"name":"(anonymous_3)","decl":{"start":{"line":11,"column":19},"end":{"line":11,"column":20}},"loc":{"start":{"line":11,"column":27},"end":{"line":19,"column":7}}},"3":{"name":"(anonymous_4)","decl":{"start":{"line":22,"column":17},"end":{"line":22,"column":20}},"loc":{"start":{"line":22,"column":22},"end":{"line":25,"column":7}}},"4":{"name":"(anonymous_5)","decl":{"start":{"line":29,"column":30},"end":{"line":29,"column":33}},"loc":{"start":{"line":29,"column":35},"end":{"line":31,"column":7}}},"5":{"name":"(anonymous_6)","decl":{"start":{"line":31,"column":15},"end":{"line":31,"column":16}},"loc":{"start":{"line":31,"column":23},"end":{"line":33,"column":7}}},"6":{"name":"(anonymous_7)","decl":{"start":{"line":34,"column":31},"end":{"line":34,"column":32}},"loc":{"start":{"line":34,"column":40},"end":{"line":34,"column":96}}},"7":{"name":"isHubSpotApiError","decl":{"start":{"line":45,"column":9},"end":{"line":45,"column":26}},"loc":{"start":{"line":45,"column":37},"end":{"line":47,"column":1}}},"8":{"name":"isGeneralPrismaError","decl":{"start":{"line":48,"column":9},"end":{"line":48,"column":29}},"loc":{"start":{"line":48,"column":40},"end":{"line":50,"column":1}}},"9":{"name":"formatError","decl":{"start":{"line":52,"column":9},"end":{"line":52,"column":20}},"loc":{"start":{"line":52,"column":58},"end":{"line":65,"column":1}}},"10":{"name":"handleError","decl":{"start":{"line":67,"column":9},"end":{"line":67,"column":20}},"loc":{"start":{"line":67,"column":84},"end":{"line":72,"column":1}}}},"branchMap":{"0":{"loc":{"start":{"line":13,"column":8},"end":{"line":18,"column":null}},"type":"if","locations":[{"start":{"line":13,"column":8},"end":{"line":18,"column":null}},{"start":{"line":16,"column":15},"end":{"line":18,"column":null}}]},"1":{"loc":{"start":{"line":49,"column":9},"end":{"line":49,"column":87}},"type":"binary-expr","locations":[{"start":{"line":49,"column":9},"end":{"line":49,"column":49}},{"start":{"line":49,"column":53},"end":{"line":49,"column":87}}]},"2":{"loc":{"start":{"line":52,"column":38},"end":{"line":52,"column":58}},"type":"default-arg","locations":[{"start":{"line":52,"column":56},"end":{"line":52,"column":58}}]},"3":{"loc":{"start":{"line":54,"column":2},"end":{"line":54,"column":39}},"type":"if","locations":[{"start":{"line":54,"column":2},"end":{"line":54,"column":39}}]},"4":{"loc":{"start":{"line":55,"column":2},"end":{"line":63,"column":null}},"type":"if","locations":[{"start":{"line":55,"column":2},"end":{"line":63,"column":null}},{"start":{"line":57,"column":9},"end":{"line":63,"column":null}}]},"5":{"loc":{"start":{"line":57,"column":9},"end":{"line":63,"column":null}},"type":"if","locations":[{"start":{"line":57,"column":9},"end":{"line":63,"column":null}},{"start":{"line":59,"column":9},"end":{"line":63,"column":null}}]},"6":{"loc":{"start":{"line":59,"column":9},"end":{"line":63,"column":null}},"type":"if","locations":[{"start":{"line":59,"column":9},"end":{"line":63,"column":null}},{"start":{"line":61,"column":9},"end":{"line":63,"column":null}}]},"7":{"loc":{"start":{"line":67,"column":37},"end":{"line":67,"column":57}},"type":"default-arg","locations":[{"start":{"line":67,"column":55},"end":{"line":67,"column":57}}]},"8":{"loc":{"start":{"line":67,"column":59},"end":{"line":67,"column":84}},"type":"default-arg","locations":[{"start":{"line":67,"column":79},"end":{"line":67,"column":84}}]},"9":{"loc":{"start":{"line":71,"column":2},"end":{"line":71,"column":27}},"type":"if","locations":[{"start":{"line":71,"column":2},"end":{"line":71,"column":27}}]}},"s":{"0":3,"1":3,"2":3,"3":0,"4":0,"5":0,"6":0,"7":0,"8":0,"9":0,"10":0,"11":0,"12":0,"13":0,"14":0,"15":0,"16":0,"17":0,"18":0,"19":0,"20":0,"21":0,"22":0,"23":7,"24":7,"25":7,"26":7,"27":7,"28":7,"29":0,"30":7,"31":0,"32":7,"33":7,"34":0,"35":7,"36":7,"37":7,"38":7,"39":0,"40":3},"f":{"0":0,"1":0,"2":0,"3":0,"4":0,"5":0,"6":0,"7":7,"8":7,"9":7,"10":7},"b":{"0":[0,0],"1":[7,7],"2":[0],"3":[7],"4":[0,7],"5":[0,7],"6":[7,0],"7":[0],"8":[7],"9":[0]}}
,"/Users/zradford/src/associations-server/src/utils/logger.ts": {"path":"/Users/zradford/src/associations-server/src/utils/logger.ts","statementMap":{"0":{"start":{"line":6,"column":22},"end":{"line":6,"column":46}},"1":{"start":{"line":7,"column":22},"end":{"line":7,"column":65}},"2":{"start":{"line":9,"column":4},"end":{"line":20,"column":null}},"3":{"start":{"line":11,"column":8},"end":{"line":11,"column":33}},"4":{"start":{"line":12,"column":8},"end":{"line":12,"column":14}},"5":{"start":{"line":14,"column":8},"end":{"line":14,"column":32}},"6":{"start":{"line":15,"column":8},"end":{"line":15,"column":14}},"7":{"start":{"line":18,"column":8},"end":{"line":18,"column":32}},"8":{"start":{"line":19,"column":8},"end":{"line":19,"column":14}},"9":{"start":{"line":26,"column":8},"end":{"line":26,"column":17}},"10":{"start":{"line":28,"column":33},"end":{"line":33,"column":26}},"11":{"start":{"line":37,"column":8},"end":{"line":37,"column":28}},"12":{"start":{"line":39,"column":34},"end":{"line":41,"column":6}},"13":{"start":{"line":43,"column":4},"end":{"line":43,"column":57}},"14":{"start":{"line":43,"column":17},"end":{"line":43,"column":57}},"15":{"start":{"line":44,"column":4},"end":{"line":44,"column":67}},"16":{"start":{"line":44,"column":27},"end":{"line":44,"column":67}},"17":{"start":{"line":45,"column":4},"end":{"line":45,"column":51}},"18":{"start":{"line":45,"column":15},"end":{"line":45,"column":51}},"19":{"start":{"line":46,"column":4},"end":{"line":46,"column":48}},"20":{"start":{"line":46,"column":14},"end":{"line":46,"column":48}},"21":{"start":{"line":47,"column":4},"end":{"line":47,"column":66}},"22":{"start":{"line":47,"column":20},"end":{"line":47,"column":66}},"23":{"start":{"line":48,"column":4},"end":{"line":48,"column":76}},"24":{"start":{"line":48,"column":23},"end":{"line":48,"column":76}},"25":{"start":{"line":49,"column":4},"end":{"line":49,"column":104}},"26":{"start":{"line":49,"column":39},"end":{"line":49,"column":104}},"27":{"start":{"line":50,"column":4},"end":{"line":50,"column":73}},"28":{"start":{"line":50,"column":14},"end":{"line":50,"column":73}},"29":{"start":{"line":52,"column":4},"end":{"line":52,"column":34}},"30":{"start":{"line":56,"column":18},"end":{"line":56,"column":24}},"31":{"start":{"line":57,"column":4},"end":{"line":57,"column":45}},"32":{"start":{"line":61,"column":18},"end":{"line":61,"column":27}},"33":{"start":{"line":62,"column":4},"end":{"line":62,"column":45}},"34":{"start":{"line":66,"column":18},"end":{"line":66,"column":25}},"35":{"start":{"line":67,"column":4},"end":{"line":67,"column":45}},"36":{"start":{"line":71,"column":0},"end":{"line":71,"column":22}}},"fnMap":{"0":{"name":"(anonymous_0)","decl":{"start":{"line":5,"column":10},"end":{"line":5,"column":16}},"loc":{"start":{"line":5,"column":53},"end":{"line":21,"column":3}}},"1":{"name":"(anonymous_1)","decl":{"start":{"line":23,"column":10},"end":{"line":23,"column":16}},"loc":{"start":{"line":23,"column":73},"end":{"line":53,"column":3}}},"2":{"name":"(anonymous_2)","decl":{"start":{"line":55,"column":9},"end":{"line":55,"column":15}},"loc":{"start":{"line":55,"column":39},"end":{"line":58,"column":3}}},"3":{"name":"(anonymous_3)","decl":{"start":{"line":60,"column":9},"end":{"line":60,"column":15}},"loc":{"start":{"line":60,"column":39},"end":{"line":63,"column":3}}},"4":{"name":"(anonymous_4)","decl":{"start":{"line":65,"column":9},"end":{"line":65,"column":15}},"loc":{"start":{"line":65,"column":40},"end":{"line":68,"column":3}}}},"branchMap":{"0":{"loc":{"start":{"line":9,"column":4},"end":{"line":20,"column":null}},"type":"switch","locations":[{"start":{"line":10,"column":6},"end":{"line":12,"column":14}},{"start":{"line":13,"column":6},"end":{"line":15,"column":14}},{"start":{"line":16,"column":6},"end":{"line":16,"column":18}},{"start":{"line":17,"column":6},"end":{"line":19,"column":14}}]},"1":{"loc":{"start":{"line":25,"column":6},"end":{"line":25,"column":22}},"type":"default-arg","locations":[{"start":{"line":25,"column":13},"end":{"line":25,"column":22}}]},"2":{"loc":{"start":{"line":25,"column":45},"end":{"line":25,"column":62}},"type":"default-arg","locations":[{"start":{"line":25,"column":53},"end":{"line":25,"column":62}}]},"3":{"loc":{"start":{"line":28,"column":33},"end":{"line":33,"column":26}},"type":"cond-expr","locations":[{"start":{"line":29,"column":8},"end":{"line":32,"column":null}},{"start":{"line":33,"column":9},"end":{"line":33,"column":25}}]},"4":{"loc":{"start":{"line":33,"column":9},"end":{"line":33,"column":25}},"type":"binary-expr","locations":[{"start":{"line":33,"column":9},"end":{"line":33,"column":19}},{"start":{"line":33,"column":23},"end":{"line":33,"column":25}}]},"5":{"loc":{"start":{"line":43,"column":4},"end":{"line":43,"column":57}},"type":"if","locations":[{"start":{"line":43,"column":4},"end":{"line":43,"column":57}}]},"6":{"loc":{"start":{"line":44,"column":4},"end":{"line":44,"column":67}},"type":"if","locations":[{"start":{"line":44,"column":4},"end":{"line":44,"column":67}}]},"7":{"loc":{"start":{"line":44,"column":8},"end":{"line":44,"column":25}},"type":"binary-expr","locations":[{"start":{"line":44,"column":8},"end":{"line":44,"column":15}},{"start":{"line":44,"column":19},"end":{"line":44,"column":25}}]},"8":{"loc":{"start":{"line":45,"column":4},"end":{"line":45,"column":51}},"type":"if","locations":[{"start":{"line":45,"column":4},"end":{"line":45,"column":51}}]},"9":{"loc":{"start":{"line":46,"column":4},"end":{"line":46,"column":48}},"type":"if","locations":[{"start":{"line":46,"column":4},"end":{"line":46,"column":48}}]},"10":{"loc":{"start":{"line":47,"column":4},"end":{"line":47,"column":66}},"type":"if","locations":[{"start":{"line":47,"column":4},"end":{"line":47,"column":66}}]},"11":{"loc":{"start":{"line":48,"column":4},"end":{"line":48,"column":76}},"type":"if","locations":[{"start":{"line":48,"column":4},"end":{"line":48,"column":76}}]},"12":{"loc":{"start":{"line":49,"column":4},"end":{"line":49,"column":104}},"type":"if","locations":[{"start":{"line":49,"column":4},"end":{"line":49,"column":104}}]},"13":{"loc":{"start":{"line":49,"column":8},"end":{"line":49,"column":37}},"type":"binary-expr","locations":[{"start":{"line":49,"column":8},"end":{"line":49,"column":15}},{"start":{"line":49,"column":19},"end":{"line":49,"column":37}}]},"14":{"loc":{"start":{"line":50,"column":4},"end":{"line":50,"column":73}},"type":"if","locations":[{"start":{"line":50,"column":4},"end":{"line":50,"column":73}}]}},"s":{"0":7,"1":7,"2":7,"3":7,"4":7,"5":0,"6":0,"7":0,"8":0,"9":7,"10":7,"11":7,"12":7,"13":7,"14":7,"15":7,"16":0,"17":7,"18":7,"19":7,"20":0,"21":7,"22":0,"23":7,"24":0,"25":7,"26":0,"27":7,"28":0,"29":7,"30":0,"31":0,"32":0,"33":0,"34":7,"35":7,"36":3},"f":{"0":7,"1":7,"2":0,"3":0,"4":7},"b":{"0":[7,0,0,0],"1":[0],"2":[0],"3":[7,0],"4":[0,0],"5":[7],"6":[0],"7":[7,7],"8":[7],"9":[0],"10":[0],"11":[0],"12":[0],"13":[7,0],"14":[0]}}
,"/Users/zradford/src/associations-server/src/utils/utils.ts": {"path":"/Users/zradford/src/associations-server/src/utils/utils.ts","statementMap":{"0":{"start":{"line":3,"column":0},"end":{"line":3,"column":null}},"1":{"start":{"line":11,"column":13},"end":{"line":11,"column":17}},"2":{"start":{"line":152,"column":9},"end":{"line":152,"column":13}},"3":{"start":{"line":12,"column":22},"end":{"line":12,"column":31}},"4":{"start":{"line":12,"column":28},"end":{"line":12,"column":31}},"5":{"start":{"line":152,"column":15},"end":{"line":152,"column":28}},"6":{"start":{"line":15,"column":43},"end":{"line":18,"column":4}},"7":{"start":{"line":20,"column":2},"end":{"line":26,"column":4}},"8":{"start":{"line":14,"column":0},"end":{"line":14,"column":16}},"9":{"start":{"line":30,"column":2},"end":{"line":38,"column":4}},"10":{"start":{"line":29,"column":0},"end":{"line":29,"column":16}},"11":{"start":{"line":42,"column":2},"end":{"line":50,"column":4}},"12":{"start":{"line":41,"column":0},"end":{"line":41,"column":16}},"13":{"start":{"line":53,"column":35},"end":{"line":57,"column":2}},"14":{"start":{"line":60,"column":26},"end":{"line":67,"column":5}},"15":{"start":{"line":60,"column":46},"end":{"line":67,"column":4}},"16":{"start":{"line":69,"column":2},"end":{"line":73,"column":4}},"17":{"start":{"line":59,"column":0},"end":{"line":59,"column":16}},"18":{"start":{"line":77,"column":2},"end":{"line":77,"column":44}},"19":{"start":{"line":77,"column":32},"end":{"line":77,"column":44}},"20":{"start":{"line":79,"column":29},"end":{"line":79,"column":43}},"21":{"start":{"line":80,"column":27},"end":{"line":80,"column":41}},"22":{"start":{"line":82,"column":17},"end":{"line":85,"column":5}},"23":{"start":{"line":82,"column":43},"end":{"line":85,"column":4}},"24":{"start":{"line":87,"column":2},"end":{"line":91,"column":4}},"25":{"start":{"line":76,"column":0},"end":{"line":76,"column":16}},"26":{"start":{"line":96,"column":24},"end":{"line":96,"column":26}},"27":{"start":{"line":98,"column":2},"end":{"line":104,"column":null}},"28":{"start":{"line":99,"column":4},"end":{"line":103,"column":7}},"29":{"start":{"line":106,"column":2},"end":{"line":112,"column":null}},"30":{"start":{"line":107,"column":4},"end":{"line":111,"column":7}},"31":{"start":{"line":114,"column":2},"end":{"line":114,"column":20}},"32":{"start":{"line":95,"column":0},"end":{"line":95,"column":16}},"33":{"start":{"line":118,"column":24},"end":{"line":118,"column":26}},"34":{"start":{"line":119,"column":2},"end":{"line":125,"column":null}},"35":{"start":{"line":120,"column":4},"end":{"line":124,"column":7}},"36":{"start":{"line":127,"column":2},"end":{"line":133,"column":null}},"37":{"start":{"line":128,"column":4},"end":{"line":132,"column":7}},"38":{"start":{"line":135,"column":2},"end":{"line":135,"column":20}},"39":{"start":{"line":117,"column":0},"end":{"line":117,"column":16}},"40":{"start":{"line":139,"column":2},"end":{"line":149,"column":null}},"41":{"start":{"line":140,"column":4},"end":{"line":140,"column":44}},"42":{"start":{"line":141,"column":9},"end":{"line":149,"column":null}},"43":{"start":{"line":142,"column":4},"end":{"line":142,"column":49}},"44":{"start":{"line":143,"column":9},"end":{"line":149,"column":null}},"45":{"start":{"line":144,"column":4},"end":{"line":144,"column":51}},"46":{"start":{"line":145,"column":9},"end":{"line":149,"column":null}},"47":{"start":{"line":146,"column":4},"end":{"line":146,"column":52}},"48":{"start":{"line":147,"column":9},"end":{"line":149,"column":null}},"49":{"start":{"line":148,"column":4},"end":{"line":148,"column":45}},"50":{"start":{"line":138,"column":0},"end":{"line":138,"column":16}}},"fnMap":{"0":{"name":"(anonymous_0)","decl":{"start":{"line":12,"column":22},"end":{"line":12,"column":25}},"loc":{"start":{"line":12,"column":28},"end":{"line":12,"column":31}}},"1":{"name":"formatSingleRequestData","decl":{"start":{"line":14,"column":16},"end":{"line":14,"column":39}},"loc":{"start":{"line":14,"column":49},"end":{"line":27,"column":1}}},"2":{"name":"formatDefinitionPostRequest","decl":{"start":{"line":29,"column":16},"end":{"line":29,"column":43}},"loc":{"start":{"line":29,"column":70},"end":{"line":39,"column":1}}},"3":{"name":"formatDefinitionUpdateRequest","decl":{"start":{"line":41,"column":16},"end":{"line":41,"column":45}},"loc":{"start":{"line":41,"column":72},"end":{"line":51,"column":1}}},"4":{"name":"formatBatchRequestData","decl":{"start":{"line":59,"column":16},"end":{"line":59,"column":38}},"loc":{"start":{"line":59,"column":65},"end":{"line":74,"column":1}}},"5":{"name":"(anonymous_5)","decl":{"start":{"line":60,"column":35},"end":{"line":60,"column":36}},"loc":{"start":{"line":60,"column":46},"end":{"line":67,"column":4}}},"6":{"name":"formatBatchArchiveRequest","decl":{"start":{"line":76,"column":16},"end":{"line":76,"column":41}},"loc":{"start":{"line":76,"column":75},"end":{"line":92,"column":1}}},"7":{"name":"(anonymous_7)","decl":{"start":{"line":82,"column":33},"end":{"line":82,"column":34}},"loc":{"start":{"line":82,"column":43},"end":{"line":85,"column":4}}},"8":{"name":"formaCreateCardinalityRequest","decl":{"start":{"line":95,"column":16},"end":{"line":95,"column":45}},"loc":{"start":{"line":95,"column":88},"end":{"line":115,"column":1}}},"9":{"name":"formatUpdateCardinalityRequest","decl":{"start":{"line":117,"column":16},"end":{"line":117,"column":46}},"loc":{"start":{"line":117,"column":74},"end":{"line":136,"column":1}}},"10":{"name":"checkAccessToken","decl":{"start":{"line":138,"column":16},"end":{"line":138,"column":32}},"loc":{"start":{"line":138,"column":78},"end":{"line":150,"column":1}}}},"branchMap":{"0":{"loc":{"start":{"line":34,"column":13},"end":{"line":34,"column":39}},"type":"binary-expr","locations":[{"start":{"line":34,"column":13},"end":{"line":34,"column":33}},{"start":{"line":34,"column":37},"end":{"line":34,"column":39}}]},"1":{"loc":{"start":{"line":36,"column":20},"end":{"line":36,"column":49}},"type":"binary-expr","locations":[{"start":{"line":36,"column":20},"end":{"line":36,"column":36}},{"start":{"line":36,"column":40},"end":{"line":36,"column":49}}]},"2":{"loc":{"start":{"line":46,"column":13},"end":{"line":46,"column":39}},"type":"binary-expr","locations":[{"start":{"line":46,"column":13},"end":{"line":46,"column":33}},{"start":{"line":46,"column":37},"end":{"line":46,"column":39}}]},"3":{"loc":{"start":{"line":48,"column":20},"end":{"line":48,"column":49}},"type":"binary-expr","locations":[{"start":{"line":48,"column":20},"end":{"line":48,"column":36}},{"start":{"line":48,"column":40},"end":{"line":48,"column":49}}]},"4":{"loc":{"start":{"line":77,"column":2},"end":{"line":77,"column":44}},"type":"if","locations":[{"start":{"line":77,"column":2},"end":{"line":77,"column":44}}]},"5":{"loc":{"start":{"line":98,"column":2},"end":{"line":104,"column":null}},"type":"if","locations":[{"start":{"line":98,"column":2},"end":{"line":104,"column":null}}]},"6":{"loc":{"start":{"line":106,"column":2},"end":{"line":112,"column":null}},"type":"if","locations":[{"start":{"line":106,"column":2},"end":{"line":112,"column":null}}]},"7":{"loc":{"start":{"line":119,"column":2},"end":{"line":125,"column":null}},"type":"if","locations":[{"start":{"line":119,"column":2},"end":{"line":125,"column":null}}]},"8":{"loc":{"start":{"line":127,"column":2},"end":{"line":133,"column":null}},"type":"if","locations":[{"start":{"line":127,"column":2},"end":{"line":133,"column":null}}]},"9":{"loc":{"start":{"line":139,"column":2},"end":{"line":149,"column":null}},"type":"if","locations":[{"start":{"line":139,"column":2},"end":{"line":149,"column":null}},{"start":{"line":141,"column":9},"end":{"line":149,"column":null}}]},"10":{"loc":{"start":{"line":141,"column":9},"end":{"line":149,"column":null}},"type":"if","locations":[{"start":{"line":141,"column":9},"end":{"line":149,"column":null}},{"start":{"line":143,"column":9},"end":{"line":149,"column":null}}]},"11":{"loc":{"start":{"line":143,"column":9},"end":{"line":149,"column":null}},"type":"if","locations":[{"start":{"line":143,"column":9},"end":{"line":149,"column":null}},{"start":{"line":145,"column":9},"end":{"line":149,"column":null}}]},"12":{"loc":{"start":{"line":145,"column":9},"end":{"line":149,"column":null}},"type":"if","locations":[{"start":{"line":145,"column":9},"end":{"line":149,"column":null}},{"start":{"line":147,"column":9},"end":{"line":149,"column":null}}]},"13":{"loc":{"start":{"line":147,"column":9},"end":{"line":149,"column":null}},"type":"if","locations":[{"start":{"line":147,"column":9},"end":{"line":149,"column":null}}]}},"s":{"0":3,"1":3,"2":3,"3":3,"4":0,"5":3,"6":0,"7":0,"8":3,"9":0,"10":3,"11":0,"12":3,"13":3,"14":0,"15":0,"16":0,"17":3,"18":0,"19":0,"20":0,"21":0,"22":0,"23":0,"24":0,"25":3,"26":0,"27":0,"28":0,"29":0,"30":0,"31":0,"32":3,"33":0,"34":0,"35":0,"36":0,"37":0,"38":0,"39":3,"40":0,"41":0,"42":0,"43":0,"44":0,"45":0,"46":0,"47":0,"48":0,"49":0,"50":3},"f":{"0":0,"1":0,"2":0,"3":0,"4":0,"5":0,"6":0,"7":0,"8":0,"9":0,"10":0},"b":{"0":[0,0],"1":[0,0],"2":[0,0],"3":[0,0],"4":[0],"5":[0],"6":[0],"7":[0],"8":[0],"9":[0,0],"10":[0,0],"11":[0,0],"12":[0,0],"13":[0]}}
}
