TN:
SF:swagger.ts
FNF:0
FNH:0
DA:1,2
DA:2,2
DA:3,2
DA:4,2
DA:5,2
DA:35,2
LF:6
LH:6
BRDA:15,0,0,2
BRDA:15,0,1,0
BRF:2
BRH:1
end_of_record
TN:
SF:prisma/disconnect.ts
FN:3,disconnectPrisma
FNF:1
FNH:0
FNDA:0,disconnectPrisma
DA:1,2
DA:4,0
DA:5,0
DA:6,0
DA:7,0
DA:9,0
DA:10,0
DA:14,2
LF:8
LH:2
BRF:0
BRH:0
end_of_record
TN:
SF:src/app.ts
FN:24,(anonymous_1)
FNF:1
FNH:0
FNDA:0,(anonymous_1)
DA:1,2
DA:2,2
DA:3,2
DA:4,2
DA:5,2
DA:6,2
DA:7,2
DA:8,2
DA:10,2
DA:12,2
DA:14,2
DA:15,2
DA:16,2
DA:17,2
DA:18,2
DA:19,2
DA:20,2
DA:23,2
DA:24,0
DA:25,0
DA:33,2
LF:21
LH:19
BRDA:23,0,0,0
BRF:1
BRH:0
end_of_record
TN:
SF:src/auth.ts
FN:61,(anonymous_7)
FN:66,(anonymous_8)
FN:83,(anonymous_9)
FN:151,getAccessToken
FN:189,(anonymous_11)
FNF:5
FNH:0
FNDA:0,(anonymous_7)
FNDA:0,(anonymous_8)
FNDA:0,(anonymous_9)
FNDA:0,getAccessToken
FNDA:0,(anonymous_11)
DA:2,3
DA:3,3
DA:5,3
DA:6,3
DA:7,3
DA:31,3
DA:32,3
DA:34,3
DA:35,3
DA:37,3
DA:47,3
DA:48,3
DA:49,3
DA:55,3
DA:61,3
DA:62,0
DA:63,0
DA:66,3
DA:67,0
DA:68,0
DA:69,0
DA:74,0
DA:75,0
DA:76,0
DA:78,0
DA:79,0
DA:83,3
DA:86,0
DA:94,0
DA:96,0
DA:97,0
DA:110,0
DA:112,0
DA:113,0
DA:114,0
DA:115,0
DA:117,0
DA:118,0
DA:123,0
DA:144,0
DA:146,0
DA:147,0
DA:156,0
DA:157,0
DA:168,0
DA:169,0
DA:172,0
DA:178,0
DA:179,0
DA:181,0
DA:184,0
DA:185,0
DA:189,3
DA:190,0
DA:191,0
DA:192,0
DA:193,0
DA:199,0
DA:200,0
DA:205,3
DA:206,3
DA:207,3
DA:208,3
DA:209,3
DA:210,3
LF:65
LH:24
BRDA:31,0,0,3
BRDA:31,0,1,0
BRDA:32,1,0,3
BRDA:32,1,1,0
BRDA:117,2,0,0
BRDA:168,3,0,0
BRDA:168,4,0,0
BRDA:168,4,1,0
BRDA:178,5,0,0
BRDA:178,5,1,0
BRF:10
BRH:2
end_of_record
TN:
SF:src/hubspot-client/batchAssociations.ts
FN:16,isBatchResponseWithErrors
FN:22,saveBatchHubspotAssociation
FN:39,(anonymous_3)
FN:51,archiveBatchHubspotAssociation
FNF:4
FNH:3
FNDA:1,isBatchResponseWithErrors
FNDA:3,saveBatchHubspotAssociation
FNDA:0,(anonymous_3)
FNDA:3,archiveBatchHubspotAssociation
DA:2,4
DA:9,4
DA:10,4
DA:11,4
DA:19,1
DA:23,3
DA:24,3
DA:25,3
DA:26,2
DA:28,2
DA:30,2
DA:31,2
DA:37,1
DA:39,0
DA:41,0
DA:43,1
DA:46,1
DA:47,1
DA:52,3
DA:53,3
DA:54,3
DA:55,2
DA:57,2
DA:59,2
DA:60,0
DA:63,2
DA:64,2
DA:69,1
DA:71,1
DA:72,1
DA:76,4
LF:31
LH:28
BRDA:37,0,0,0
BRDA:37,0,1,1
BRDA:37,1,0,1
BRDA:37,1,1,0
BRDA:59,2,0,0
BRF:5
BRH:2
end_of_record
TN:
SF:src/hubspot-client/definitionAssociations.ts
FN:14,saveAssociationDefinitionConfiguration
FN:51,updateAssociationDefinitionConfiguration
FN:114,saveAssociationDefinition
FN:136,updateAssociationDefinition
FN:170,archiveAssociationDefinition
FN:192,getAllAssociationDefinitionsByType
FNF:6
FNH:4
FNDA:1,saveAssociationDefinitionConfiguration
FNDA:0,updateAssociationDefinitionConfiguration
FNDA:2,saveAssociationDefinition
FNDA:0,updateAssociationDefinition
FNDA:2,archiveAssociationDefinition
FNDA:2,getAllAssociationDefinitionsByType
DA:2,4
DA:3,4
DA:5,4
DA:20,1
DA:21,1
DA:22,1
DA:23,1
DA:24,1
DA:25,1
DA:27,1
DA:28,1
DA:34,1
DA:35,1
DA:36,0
DA:41,0
DA:43,1
DA:45,0
DA:46,0
DA:56,0
DA:57,0
DA:58,0
DA:59,0
DA:60,0
DA:61,0
DA:63,0
DA:64,0
DA:65,0
DA:66,0
DA:73,0
DA:74,0
DA:75,0
DA:79,0
DA:80,0
DA:87,0
DA:88,0
DA:89,0
DA:94,0
DA:100,0
DA:102,0
DA:103,0
DA:104,0
DA:107,0
DA:108,0
DA:109,0
DA:110,0
DA:115,2
DA:116,2
DA:117,2
DA:118,2
DA:119,2
DA:121,2
DA:122,2
DA:123,2
DA:125,1
DA:126,1
DA:127,1
DA:129,1
DA:131,1
DA:132,1
DA:137,0
DA:138,0
DA:139,0
DA:140,0
DA:141,0
DA:143,0
DA:144,0
DA:145,0
DA:146,0
DA:151,0
DA:152,0
DA:160,0
DA:161,0
DA:163,0
DA:165,0
DA:166,0
DA:171,2
DA:172,2
DA:173,2
DA:174,2
DA:176,2
DA:178,2
DA:179,2
DA:184,1
DA:185,1
DA:187,1
DA:188,1
DA:193,2
DA:194,2
DA:195,2
DA:196,2
DA:197,2
DA:199,2
DA:200,2
DA:201,1
DA:203,1
DA:204,1
DA:209,4
DA:210,4
DA:211,4
DA:212,4
LF:100
LH:53
BRDA:35,0,0,0
BRDA:65,1,0,0
BRDA:73,2,0,0
BRDA:79,3,0,0
BRDA:87,4,0,0
BRDA:96,5,0,0
BRDA:96,5,1,0
BRDA:102,6,0,0
BRDA:107,7,0,0
BRDA:107,7,1,0
BRDA:126,8,0,1
BRDA:126,9,0,1
BRDA:126,9,1,0
BRDA:129,10,0,1
BRDA:129,10,1,0
BRDA:145,11,0,0
BRDA:151,12,0,0
BRDA:151,13,0,0
BRDA:151,13,1,0
BRDA:160,14,0,0
BRDA:160,15,0,0
BRDA:160,15,1,0
BRDA:163,16,0,0
BRDA:163,16,1,0
BRF:24
BRH:3
end_of_record
TN:
SF:src/hubspot-client/singleAssociations.ts
FN:6,saveSingleHubspotAssociation
FN:32,archiveSingleHubspotAssociation
FNF:2
FNH:2
FNDA:2,saveSingleHubspotAssociation
FNDA:2,archiveSingleHubspotAssociation
DA:2,3
DA:3,3
DA:4,3
DA:7,2
DA:8,2
DA:9,2
DA:10,2
DA:14,2
DA:16,2
DA:17,2
DA:18,2
DA:27,1
DA:28,1
DA:33,2
DA:34,2
DA:35,2
DA:36,2
DA:40,2
DA:42,2
DA:43,2
DA:45,1
DA:46,1
DA:50,3
LF:23
LH:23
BRDA:17,0,0,2
BRF:1
BRH:1
end_of_record
TN:
SF:src/prisma-client/batchAssociations.ts
FN:5,(anonymous_1)
FN:7,(anonymous_2)
FN:64,deleteBatchDBMappings
FN:67,(anonymous_4)
FN:78,getBatchDBAssociationMappings
FN:95,getBatchDBAssociationMappingsByAssociationId
FNF:6
FNH:6
FNDA:3,(anonymous_1)
FNDA:5,(anonymous_2)
FNDA:2,deleteBatchDBMappings
FNDA:4,(anonymous_4)
FNDA:4,getBatchDBAssociationMappings
FNDA:2,getBatchDBAssociationMappingsByAssociationId
DA:2,6
DA:3,6
DA:5,6
DA:6,3
DA:7,3
DA:22,5
DA:24,5
DA:56,3
DA:57,2
DA:59,1
DA:60,1
DA:65,2
DA:66,2
DA:67,4
DA:71,1
DA:73,1
DA:74,1
DA:79,4
DA:80,4
DA:84,3
DA:85,2
DA:88,1
DA:90,1
DA:91,1
DA:98,2
DA:99,2
DA:104,0
DA:106,2
DA:107,2
DA:112,6
DA:113,6
DA:114,6
DA:115,6
LF:33
LH:32
BRDA:84,0,0,2
BRDA:84,1,0,3
BRDA:84,1,1,2
BRF:3
BRH:3
end_of_record
TN:
SF:src/prisma-client/definitionAssociations.ts
FN:5,getDBAssociationDefinitionsByType
FN:41,saveDBAssociationDefinition
FN:56,updateDBAssociationDefinition
FN:70,deleteDBAssociationDefinition
FNF:4
FNH:4
FNDA:4,getDBAssociationDefinitionsByType
FNDA:2,saveDBAssociationDefinition
FNDA:3,updateDBAssociationDefinition
FNDA:3,deleteDBAssociationDefinition
DA:2,4
DA:3,4
DA:9,4
DA:14,0
DA:17,4
DA:18,4
DA:20,4
DA:21,4
DA:34,3
DA:36,1
DA:37,1
DA:42,2
DA:43,0
DA:46,2
DA:47,2
DA:48,1
DA:49,1
DA:51,1
DA:52,1
DA:57,3
DA:58,3
DA:62,2
DA:63,2
DA:65,1
DA:66,1
DA:71,3
DA:72,3
DA:75,1
DA:76,1
DA:78,2
DA:81,1
DA:82,1
DA:83,1
DA:85,1
DA:86,1
DA:91,4
DA:92,4
DA:93,4
DA:94,4
LF:39
LH:37
BRDA:9,0,0,0
BRDA:9,1,0,4
BRDA:9,1,1,4
BRDA:9,1,2,4
BRDA:9,1,3,4
BRDA:9,1,4,4
BRDA:42,2,0,0
BRDA:42,3,0,2
BRDA:42,3,1,2
BRDA:42,3,2,2
BRDA:42,3,3,2
BRDA:78,4,0,1
BRDA:78,5,0,2
BRDA:78,5,1,2
BRDA:78,5,2,2
BRF:15
BRH:13
end_of_record
TN:
SF:src/prisma-client/mappedAssociations.ts
FN:5,getDBMappings
FN:21,saveDBMapping
FN:77,deleteDBMapping
FN:91,getSingleDBAssociationMappingFromId
FN:109,getSingleDBAssociationMapping
FN:129,getAllDBMappings
FNF:6
FNH:6
FNDA:3,getDBMappings
FNDA:2,saveDBMapping
FNDA:2,deleteDBMapping
FNDA:2,getSingleDBAssociationMappingFromId
FNDA:2,getSingleDBAssociationMapping
FNDA:2,getAllDBMappings
DA:2,4
DA:3,4
DA:6,3
DA:7,3
DA:14,2
DA:16,1
DA:17,1
DA:36,2
DA:38,2
DA:39,2
DA:70,1
DA:72,1
DA:73,1
DA:78,2
DA:79,2
DA:84,1
DA:86,1
DA:87,1
DA:92,2
DA:93,2
DA:97,2
DA:98,1
DA:99,1
DA:102,1
DA:104,0
DA:105,0
DA:110,2
DA:111,2
DA:117,2
DA:118,1
DA:119,1
DA:122,1
DA:124,0
DA:125,0
DA:130,2
DA:131,2
DA:132,1
DA:134,1
DA:135,1
DA:140,4
DA:141,4
DA:142,4
DA:143,4
DA:144,4
DA:145,4
LF:45
LH:41
BRDA:97,0,0,1
BRDA:117,1,0,1
BRF:2
BRH:2
end_of_record
TN:
SF:src/prisma-client/prisma-initialization.ts
FNF:0
FNH:0
DA:1,11
DA:3,11
DA:7,11
LF:3
LH:3
BRF:0
BRH:0
end_of_record
TN:
SF:src/prisma-client/singleAssociations.ts
FN:5,getDBAssociationsByCustomerId
FN:17,getSingleDBAssociationById
FN:29,(anonymous_3)
FN:77,getDBSingleAssociation
FN:93,deleteDBAssociation
FN:107,getAllDBAssociations
FNF:6
FNH:4
FNDA:2,getDBAssociationsByCustomerId
FNDA:2,getSingleDBAssociationById
FNDA:2,(anonymous_3)
FNDA:0,getDBSingleAssociation
FNDA:2,deleteDBAssociation
FNDA:0,getAllDBAssociations
DA:2,4
DA:3,4
DA:6,2
DA:7,2
DA:10,1
DA:12,1
DA:13,1
DA:18,2
DA:19,2
DA:22,1
DA:24,1
DA:25,1
DA:29,4
DA:40,2
DA:42,2
DA:43,2
DA:70,1
DA:72,1
DA:73,1
DA:78,0
DA:79,0
DA:82,0
DA:83,0
DA:86,0
DA:88,0
DA:89,0
DA:94,2
DA:95,2
DA:98,1
DA:99,1
DA:101,1
DA:102,1
DA:107,4
DA:108,0
DA:109,0
DA:115,0
DA:116,0
DA:121,4
DA:122,4
DA:123,4
DA:124,4
DA:125,4
LF:42
LH:31
BRDA:22,0,0,1
BRDA:22,0,1,0
BRDA:78,1,0,0
BRDA:78,2,0,0
BRDA:78,2,1,0
BRDA:86,3,0,0
BRDA:86,3,1,0
BRF:7
BRH:1
end_of_record
TN:
SF:src/routes/associationRoutes.ts
FN:17,(anonymous_1)
FN:34,(anonymous_2)
FN:58,(anonymous_3)
FN:83,(anonymous_4)
FNF:4
FNH:3
FNDA:0,(anonymous_1)
FNDA:3,(anonymous_2)
FNDA:3,(anonymous_3)
FNDA:5,(anonymous_4)
DA:1,3
DA:2,3
DA:7,3
DA:9,3
DA:15,3
DA:17,3
DA:18,0
DA:19,0
DA:21,0
DA:26,0
DA:27,0
DA:34,3
DA:35,3
DA:36,3
DA:38,2
DA:39,1
DA:45,1
DA:50,1
DA:51,1
DA:58,3
DA:59,3
DA:60,3
DA:61,3
DA:62,2
DA:63,2
DA:64,1
DA:70,1
DA:75,1
DA:76,1
DA:83,3
DA:84,5
DA:85,1
DA:91,4
DA:92,4
DA:94,2
DA:95,1
DA:101,1
DA:106,2
DA:107,2
DA:114,3
LF:40
LH:35
BRDA:29,0,0,0
BRDA:29,0,1,0
BRDA:38,1,0,1
BRDA:53,2,0,1
BRDA:53,2,1,0
BRDA:63,3,0,1
BRDA:78,4,0,1
BRDA:78,4,1,0
BRDA:84,5,0,1
BRDA:84,6,0,5
BRDA:84,6,1,5
BRDA:94,7,0,1
BRDA:94,8,0,2
BRDA:94,8,1,1
BRDA:109,9,0,2
BRDA:109,9,1,0
BRF:16
BRH:11
end_of_record
TN:
SF:src/routes/authRoutes.ts
FN:6,(anonymous_1)
FN:10,(anonymous_2)
FNF:2
FNH:0
FNDA:0,(anonymous_1)
FNDA:0,(anonymous_2)
DA:1,2
DA:2,2
DA:4,2
DA:6,2
DA:7,0
DA:10,2
DA:11,0
DA:12,0
DA:13,0
DA:14,0
DA:15,0
DA:16,0
DA:17,0
DA:18,0
DA:21,0
DA:26,2
LF:16
LH:6
BRDA:12,0,0,0
BRDA:15,1,0,0
BRF:2
BRH:0
end_of_record
TN:
SF:src/routes/definitionRoutes.ts
FN:17,(anonymous_1)
FN:22,(anonymous_2)
FN:44,(anonymous_3)
FN:49,(anonymous_4)
FN:78,(anonymous_5)
FN:110,(anonymous_6)
FNF:6
FNH:6
FNDA:1,(anonymous_1)
FNDA:2,(anonymous_2)
FNDA:1,(anonymous_3)
FNDA:3,(anonymous_4)
FNDA:3,(anonymous_5)
FNDA:2,(anonymous_6)
DA:1,3
DA:2,3
DA:5,3
DA:8,3
DA:9,3
DA:15,3
DA:17,3
DA:22,3
DA:23,2
DA:25,2
DA:26,2
DA:31,1
DA:36,1
DA:37,1
DA:44,3
DA:49,3
DA:50,3
DA:52,3
DA:53,3
DA:55,2
DA:56,0
DA:62,2
DA:70,1
DA:71,1
DA:78,3
DA:79,3
DA:80,1
DA:86,2
DA:87,2
DA:89,1
DA:94,1
DA:96,1
DA:97,1
DA:103,0
DA:110,3
DA:111,2
DA:112,2
DA:113,1
DA:114,1
DA:119,1
DA:120,1
DA:127,3
LF:42
LH:40
BRDA:39,0,0,1
BRDA:39,0,1,0
BRDA:55,1,0,0
BRDA:73,2,0,1
BRDA:73,2,1,0
BRDA:79,3,0,1
BRDA:79,4,0,3
BRDA:79,4,1,3
BRDA:96,5,0,1
BRDA:96,6,0,1
BRDA:96,6,1,1
BRDA:105,7,0,0
BRDA:105,7,1,0
BRDA:122,8,0,1
BRDA:122,8,1,0
BRF:15
BRH:9
end_of_record
TN:
SF:src/routes/mappingRoutes.ts
FN:12,(anonymous_1)
FN:36,(anonymous_2)
FN:61,(anonymous_3)
FN:99,(anonymous_4)
FN:132,(anonymous_5)
FN:165,(anonymous_6)
FNF:6
FNH:6
FNDA:3,(anonymous_1)
FNDA:3,(anonymous_2)
FNDA:3,(anonymous_3)
FNDA:2,(anonymous_4)
FNDA:2,(anonymous_5)
FNDA:2,(anonymous_6)
DA:1,3
DA:2,3
DA:7,3
DA:8,3
DA:10,3
DA:12,3
DA:13,3
DA:14,1
DA:20,2
DA:21,2
DA:23,1
DA:28,1
DA:29,1
DA:36,3
DA:37,3
DA:38,3
DA:40,1
DA:45,2
DA:47,2
DA:48,1
DA:54,1
DA:61,3
DA:62,3
DA:64,3
DA:65,1
DA:71,2
DA:72,2
DA:74,2
DA:77,1
DA:86,1
DA:91,0
DA:92,0
DA:99,3
DA:100,2
DA:101,2
DA:102,2
DA:103,0
DA:109,2
DA:114,2
DA:115,1
DA:122,1
DA:124,0
DA:125,0
DA:132,3
DA:133,2
DA:134,2
DA:136,2
DA:137,0
DA:143,2
DA:145,2
DA:146,1
DA:152,1
DA:157,0
DA:158,0
DA:165,3
DA:166,2
DA:167,2
DA:168,1
DA:173,1
DA:174,1
DA:181,3
LF:61
LH:53
BRDA:13,0,0,1
BRDA:13,1,0,3
BRDA:13,1,1,3
BRDA:31,2,0,1
BRDA:31,2,1,0
BRDA:47,3,0,1
BRDA:47,4,0,2
BRDA:47,4,1,2
BRDA:64,5,0,1
BRDA:64,6,0,3
BRDA:64,6,1,3
BRDA:74,7,0,1
BRDA:94,8,0,0
BRDA:94,8,1,0
BRDA:102,9,0,0
BRDA:114,10,0,1
BRDA:127,11,0,0
BRDA:127,11,1,0
BRDA:136,12,0,0
BRDA:145,13,0,1
BRDA:160,14,0,0
BRDA:160,14,1,0
BRDA:176,15,0,1
BRDA:176,15,1,0
BRF:24
BRH:14
end_of_record
TN:
SF:src/services/associationService.ts
FN:7,deleteAssociationAndRelatedMappings
FN:14,(anonymous_1)
FNF:2
FNH:1
FNDA:3,deleteAssociationAndRelatedMappings
FNDA:0,(anonymous_1)
DA:1,3
DA:5,3
DA:7,3
DA:9,3
DA:10,2
DA:11,2
DA:13,2
DA:14,0
DA:15,0
DA:18,2
LF:10
LH:8
BRDA:13,0,0,0
BRF:1
BRH:0
end_of_record
TN:
SF:src/services/definitionService.ts
FN:21,getAssociationDefinitions
FN:33,deleteDefinitionAndRelatedMappings
FN:38,(anonymous_2)
FN:50,createAssociationDefinition
FNF:4
FNH:3
FNDA:2,getAssociationDefinitions
FNDA:3,deleteDefinitionAndRelatedMappings
FNDA:0,(anonymous_2)
FNDA:2,createAssociationDefinition
DA:2,3
DA:7,3
DA:11,3
DA:21,3
DA:22,2
DA:27,1
DA:33,3
DA:35,3
DA:37,3
DA:38,0
DA:39,0
DA:42,3
DA:44,2
DA:50,3
DA:51,2
DA:54,2
DA:58,2
DA:59,1
DA:63,1
DA:66,1
DA:67,0
DA:74,0
DA:81,1
DA:82,1
DA:88,1
LF:25
LH:21
BRDA:37,0,0,0
BRDA:54,1,0,0
BRDA:54,1,1,2
BRDA:58,2,0,1
BRDA:66,3,0,0
BRDA:66,4,0,1
BRDA:66,4,1,0
BRDA:81,5,0,1
BRDA:81,5,1,0
BRF:9
BRH:4
end_of_record
TN:
SF:src/services/mappingService.ts
FN:11,createMapping
FN:27,createBatchMappings
FN:43,deleteBatchMappings
FNF:3
FNH:3
FNDA:2,createMapping
FNDA:3,createBatchMappings
FNDA:2,deleteBatchMappings
DA:2,3
DA:3,3
DA:4,3
DA:9,3
DA:11,3
DA:12,2
DA:17,1
DA:18,0
DA:21,1
DA:27,3
DA:28,3
DA:29,1
DA:32,2
DA:37,1
DA:43,3
DA:44,2
DA:45,0
DA:48,2
DA:49,2
DA:51,2
DA:52,1
DA:55,1
LF:22
LH:20
BRDA:17,0,0,0
BRDA:17,1,0,1
BRDA:17,1,1,1
BRDA:28,2,0,1
BRDA:28,3,0,3
BRDA:28,3,1,3
BRDA:44,4,0,0
BRDA:44,5,0,2
BRDA:44,5,1,2
BRDA:51,6,0,1
BRF:10
BRH:8
end_of_record
TN:
SF:src/swagger/associationDocs.ts
FNF:0
FNH:0
DA:1,2
DA:84,2
LF:2
LH:2
BRF:0
BRH:0
end_of_record
TN:
SF:src/swagger/definitionDocs.ts
FNF:0
FNH:0
DA:1,2
DA:117,2
LF:2
LH:2
BRF:0
BRH:0
end_of_record
TN:
SF:src/swagger/mappingDocs.ts
FNF:0
FNH:0
DA:1,2
DA:105,2
LF:2
LH:2
BRF:0
BRH:0
end_of_record
TN:
SF:src/utils/error.ts
FN:7,shutdown
FN:10,(anonymous_2)
FN:17,(anonymous_3)
FN:28,(anonymous_4)
FN:35,(anonymous_5)
FN:37,(anonymous_6)
FN:40,(anonymous_7)
FN:51,isHubSpotApiError
FN:55,isGeneralPrismaError
FN:59,formatError
FN:74,handleError
FNF:11
FNH:8
FNDA:1,shutdown
FNDA:1,(anonymous_2)
FNDA:1,(anonymous_3)
FNDA:0,(anonymous_4)
FNDA:1,(anonymous_5)
FNDA:0,(anonymous_6)
FNDA:0,(anonymous_7)
FNDA:5,isHubSpotApiError
FNDA:5,isGeneralPrismaError
FNDA:5,formatError
FNDA:5,handleError
DA:1,3
DA:2,3
DA:4,3
DA:5,3
DA:8,1
DA:9,1
DA:10,1
DA:11,1
DA:12,0
DA:13,0
DA:16,1
DA:17,1
DA:18,1
DA:19,1
DA:20,0
DA:21,0
DA:23,1
DA:28,1
DA:29,0
DA:30,0
DA:34,1
DA:36,1
DA:38,0
DA:40,0
DA:43,1
DA:44,1
DA:46,0
DA:47,0
DA:52,5
DA:56,5
DA:60,5
DA:62,5
DA:63,0
DA:64,5
DA:65,0
DA:66,5
DA:67,4
DA:69,1
DA:71,5
DA:75,5
DA:76,5
DA:78,5
DA:81,3
LF:43
LH:31
BRDA:11,0,0,0
BRDA:19,1,0,0
BRDA:19,1,1,1
BRDA:56,2,0,5
BRDA:56,2,1,5
BRDA:59,3,0,0
BRDA:62,4,0,0
BRDA:62,4,1,5
BRDA:64,5,0,0
BRDA:64,5,1,5
BRDA:66,6,0,4
BRDA:66,6,1,1
BRDA:74,7,0,0
BRDA:74,8,0,4
BRDA:78,9,0,1
BRF:15
BRH:9
end_of_record
TN:
SF:src/utils/logger.ts
FN:5,(anonymous_0)
FN:23,(anonymous_1)
FN:55,(anonymous_2)
FN:60,(anonymous_3)
FN:65,(anonymous_4)
FNF:5
FNH:4
FNDA:4,(anonymous_0)
FNDA:4,(anonymous_1)
FNDA:1,(anonymous_2)
FNDA:0,(anonymous_3)
FNDA:3,(anonymous_4)
DA:6,4
DA:7,4
DA:9,4
DA:11,3
DA:12,3
DA:14,0
DA:15,0
DA:18,1
DA:19,1
DA:26,4
DA:28,4
DA:37,4
DA:39,4
DA:43,4
DA:44,4
DA:45,4
DA:46,4
DA:47,4
DA:48,4
DA:49,4
DA:50,4
DA:52,4
DA:56,1
DA:57,1
DA:61,0
DA:62,0
DA:66,3
DA:67,3
DA:71,3
LF:29
LH:25
BRDA:9,0,0,3
BRDA:9,0,1,0
BRDA:9,0,2,1
BRDA:9,0,3,1
BRDA:25,1,0,0
BRDA:25,2,0,0
BRDA:28,3,0,3
BRDA:28,3,1,1
BRDA:33,4,0,1
BRDA:33,4,1,0
BRDA:43,5,0,4
BRDA:44,6,0,0
BRDA:44,7,0,4
BRDA:44,7,1,3
BRDA:45,8,0,3
BRDA:46,9,0,0
BRDA:47,10,0,0
BRDA:48,11,0,0
BRDA:49,12,0,0
BRDA:49,13,0,4
BRDA:49,13,1,0
BRDA:50,14,0,0
BRF:22
BRH:11
end_of_record
TN:
SF:src/utils/utils.ts
FN:12,(anonymous_0)
FN:14,formatSingleRequestData
FN:29,formatDefinitionPostRequest
FN:41,formatDefinitionUpdateRequest
FN:59,formatBatchRequestData
FN:60,(anonymous_5)
FN:76,formatBatchArchiveRequest
FN:82,(anonymous_7)
FN:95,formatCreateCardinalityRequest
FN:117,formatUpdateCardinalityRequest
FN:140,checkAccessToken
FNF:11
FNH:11
FNDA:1,(anonymous_0)
FNDA:1,formatSingleRequestData
FNDA:2,formatDefinitionPostRequest
FNDA:1,formatDefinitionUpdateRequest
FNDA:1,formatBatchRequestData
FNDA:1,(anonymous_5)
FNDA:2,formatBatchArchiveRequest
FNDA:1,(anonymous_7)
FNDA:2,formatCreateCardinalityRequest
FNDA:2,formatUpdateCardinalityRequest
FNDA:5,checkAccessToken
DA:3,4
DA:11,4
DA:12,4
DA:14,4
DA:15,1
DA:20,1
DA:29,4
DA:30,2
DA:41,4
DA:42,1
DA:53,4
DA:59,4
DA:60,1
DA:69,1
DA:76,4
DA:77,2
DA:79,1
DA:80,1
DA:82,1
DA:87,1
DA:95,4
DA:96,2
DA:98,2
DA:99,1
DA:106,2
DA:107,1
DA:114,2
DA:117,4
DA:118,2
DA:120,2
DA:121,1
DA:128,2
DA:129,1
DA:135,2
DA:137,2
DA:140,4
DA:141,5
DA:142,1
DA:143,4
DA:144,1
DA:145,3
DA:146,1
DA:147,2
DA:148,1
DA:149,1
DA:150,0
DA:154,4
LF:47
LH:46
BRDA:34,0,0,2
BRDA:34,0,1,1
BRDA:36,1,0,2
BRDA:36,1,1,1
BRDA:46,2,0,1
BRDA:46,2,1,0
BRDA:48,3,0,1
BRDA:48,3,1,0
BRDA:77,4,0,1
BRDA:98,5,0,1
BRDA:106,6,0,1
BRDA:120,7,0,1
BRDA:122,8,0,1
BRDA:122,8,1,0
BRDA:128,9,0,1
BRDA:130,10,0,1
BRDA:130,10,1,0
BRDA:141,11,0,1
BRDA:141,11,1,4
BRDA:143,12,0,1
BRDA:143,12,1,3
BRDA:145,13,0,1
BRDA:145,13,1,2
BRDA:147,14,0,1
BRDA:147,14,1,1
BRDA:149,15,0,0
BRF:26
BRH:21
end_of_record
