TN:
SF:swagger.ts
FNF:0
FNH:0
DA:1,2
DA:3,2
DA:21,2
LF:3
LH:3
BRDA:13,0,0,2
BRDA:13,0,1,0
BRF:2
BRH:1
end_of_record
TN:
SF:prisma/disconnect.ts
FN:3,disconnectPrisma
FNF:1
FNH:0
FNDA:0,disconnectPrisma
DA:1,2
DA:4,0
DA:5,0
DA:6,0
DA:7,0
DA:9,0
DA:10,0
DA:14,2
LF:8
LH:2
BRF:0
BRH:0
end_of_record
TN:
SF:src/app.ts
FN:24,(anonymous_1)
FNF:1
FNH:0
FNDA:0,(anonymous_1)
DA:1,2
DA:2,2
DA:3,2
DA:4,2
DA:5,2
DA:6,2
DA:7,2
DA:8,2
DA:10,2
DA:12,2
DA:14,2
DA:15,2
DA:16,2
DA:17,2
DA:18,2
DA:19,2
DA:20,2
DA:23,2
DA:24,0
DA:25,0
DA:33,2
LF:21
LH:19
BRDA:23,0,0,0
BRF:1
BRH:0
end_of_record
TN:
SF:src/auth.ts
FN:61,(anonymous_7)
FN:66,(anonymous_8)
FN:83,(anonymous_9)
FN:151,getAccessToken
FN:189,(anonymous_11)
FNF:5
FNH:0
FNDA:0,(anonymous_7)
FNDA:0,(anonymous_8)
FNDA:0,(anonymous_9)
FNDA:0,getAccessToken
FNDA:0,(anonymous_11)
DA:2,3
DA:3,3
DA:5,3
DA:6,3
DA:7,3
DA:31,3
DA:32,3
DA:34,3
DA:35,3
DA:37,3
DA:47,3
DA:48,3
DA:49,3
DA:55,3
DA:61,3
DA:62,0
DA:63,0
DA:66,3
DA:67,0
DA:68,0
DA:69,0
DA:74,0
DA:75,0
DA:76,0
DA:78,0
DA:79,0
DA:83,3
DA:86,0
DA:94,0
DA:96,0
DA:97,0
DA:110,0
DA:112,0
DA:113,0
DA:114,0
DA:115,0
DA:117,0
DA:118,0
DA:123,0
DA:144,0
DA:146,0
DA:147,0
DA:156,0
DA:157,0
DA:168,0
DA:169,0
DA:172,0
DA:178,0
DA:179,0
DA:181,0
DA:184,0
DA:185,0
DA:189,3
DA:190,0
DA:191,0
DA:192,0
DA:193,0
DA:199,0
DA:200,0
DA:205,3
DA:206,3
DA:207,3
DA:208,3
DA:209,3
DA:210,3
LF:65
LH:24
BRDA:31,0,0,3
BRDA:31,0,1,0
BRDA:32,1,0,3
BRDA:32,1,1,0
BRDA:117,2,0,0
BRDA:168,3,0,0
BRDA:168,4,0,0
BRDA:168,4,1,0
BRDA:178,5,0,0
BRDA:178,5,1,0
BRF:10
BRH:2
end_of_record
TN:
SF:src/hubspot-client/batchAssociations.ts
FN:8,saveBatchHubspotAssociation
FN:30,archiveBatchHubspotAssociation
FNF:2
FNH:2
FNDA:3,saveBatchHubspotAssociation
FNDA:3,archiveBatchHubspotAssociation
DA:2,4
DA:3,4
DA:4,4
DA:9,3
DA:10,3
DA:11,3
DA:12,2
DA:14,2
DA:16,2
DA:17,2
DA:22,1
DA:23,1
DA:25,1
DA:26,1
DA:31,3
DA:32,3
DA:33,3
DA:34,2
DA:36,2
DA:38,2
DA:39,0
DA:42,2
DA:43,2
DA:48,1
DA:50,1
DA:51,1
DA:55,4
LF:27
LH:26
BRDA:38,0,0,0
BRF:1
BRH:0
end_of_record
TN:
SF:src/hubspot-client/definitionAssociations.ts
FN:14,saveAssociationDefinitionConfiguration
FN:50,updateAssociationDefinitionConfiguration
FN:83,saveAssociationDefinition
FN:103,updateAssociationDefinition
FN:127,archiveAssociationDefinition
FN:149,getAllAssociationDefinitionsByType
FNF:6
FNH:5
FNDA:1,saveAssociationDefinitionConfiguration
FNDA:0,updateAssociationDefinitionConfiguration
FNDA:2,saveAssociationDefinition
FNDA:2,updateAssociationDefinition
FNDA:2,archiveAssociationDefinition
FNDA:2,getAllAssociationDefinitionsByType
DA:2,3
DA:3,3
DA:5,3
DA:20,1
DA:21,1
DA:22,1
DA:23,1
DA:24,1
DA:25,1
DA:27,1
DA:28,1
DA:34,1
DA:35,1
DA:36,0
DA:41,0
DA:44,0
DA:45,0
DA:55,0
DA:56,0
DA:57,0
DA:58,0
DA:59,0
DA:61,0
DA:62,0
DA:67,0
DA:68,0
DA:73,0
DA:75,0
DA:76,0
DA:78,0
DA:79,0
DA:84,2
DA:85,2
DA:86,2
DA:87,2
DA:88,2
DA:90,2
DA:91,2
DA:92,2
DA:93,1
DA:94,1
DA:96,1
DA:98,1
DA:99,1
DA:104,2
DA:105,2
DA:106,2
DA:107,2
DA:108,2
DA:110,2
DA:111,0
DA:112,0
DA:113,0
DA:118,0
DA:119,0
DA:122,0
DA:123,0
DA:128,2
DA:129,2
DA:130,2
DA:131,2
DA:133,2
DA:135,2
DA:136,2
DA:141,1
DA:142,1
DA:144,1
DA:145,1
DA:150,2
DA:151,2
DA:152,2
DA:153,2
DA:154,2
DA:156,2
DA:157,2
DA:158,1
DA:160,1
DA:161,1
DA:166,3
DA:167,3
DA:168,3
DA:169,3
LF:82
LH:57
BRDA:35,0,0,0
BRDA:67,1,0,0
BRDA:93,2,0,1
BRDA:93,3,0,1
BRDA:93,3,1,0
BRDA:112,4,0,0
BRDA:118,5,0,0
BRDA:118,6,0,0
BRDA:118,6,1,0
BRF:9
BRH:2
end_of_record
TN:
SF:src/hubspot-client/singleAssociations.ts
FN:6,saveSingleHubspotAssociation
FN:32,archiveSingleHubspotAssociation
FNF:2
FNH:2
FNDA:2,saveSingleHubspotAssociation
FNDA:2,archiveSingleHubspotAssociation
DA:2,3
DA:3,3
DA:4,3
DA:7,2
DA:8,2
DA:9,2
DA:10,2
DA:14,2
DA:16,2
DA:17,2
DA:18,2
DA:27,1
DA:28,1
DA:33,2
DA:34,2
DA:35,2
DA:36,2
DA:40,2
DA:42,2
DA:43,2
DA:45,1
DA:46,1
DA:50,3
LF:23
LH:23
BRDA:17,0,0,2
BRF:1
BRH:1
end_of_record
TN:
SF:src/prisma-client/batchAssociations.ts
FN:5,(anonymous_1)
FN:7,(anonymous_2)
FN:64,deleteBatchDBMappings
FN:67,(anonymous_4)
FN:78,getBatchDBAssociationMappings
FNF:5
FNH:0
FNDA:0,(anonymous_1)
FNDA:0,(anonymous_2)
FNDA:0,deleteBatchDBMappings
FNDA:0,(anonymous_4)
FNDA:0,getBatchDBAssociationMappings
DA:2,3
DA:3,3
DA:5,3
DA:6,0
DA:7,0
DA:22,0
DA:24,0
DA:56,0
DA:57,0
DA:59,0
DA:60,0
DA:65,0
DA:66,0
DA:67,0
DA:71,0
DA:73,0
DA:74,0
DA:79,0
DA:80,0
DA:84,0
DA:85,0
DA:88,0
DA:90,0
DA:91,0
DA:96,3
DA:97,3
DA:98,3
LF:27
LH:6
BRDA:84,0,0,0
BRDA:84,1,0,0
BRDA:84,1,1,0
BRF:3
BRH:0
end_of_record
TN:
SF:src/prisma-client/definitionAssociations.ts
FN:5,getDBAssociationDefinitionsByType
FN:41,saveDBAssociationDefinition
FN:56,updateDBAssociationDefinition
FN:70,deleteDBAssociationDefinition
FNF:4
FNH:4
FNDA:4,getDBAssociationDefinitionsByType
FNDA:2,saveDBAssociationDefinition
FNDA:3,updateDBAssociationDefinition
FNDA:3,deleteDBAssociationDefinition
DA:2,4
DA:3,4
DA:9,4
DA:14,0
DA:17,4
DA:18,4
DA:20,4
DA:21,4
DA:34,3
DA:36,1
DA:37,1
DA:42,2
DA:43,0
DA:46,2
DA:47,2
DA:48,1
DA:49,1
DA:51,1
DA:52,1
DA:57,3
DA:58,3
DA:62,2
DA:63,2
DA:65,1
DA:66,1
DA:71,3
DA:72,3
DA:75,1
DA:76,1
DA:78,2
DA:81,1
DA:82,1
DA:83,1
DA:85,1
DA:86,1
DA:91,4
DA:92,4
DA:93,4
DA:94,4
LF:39
LH:37
BRDA:9,0,0,0
BRDA:9,1,0,4
BRDA:9,1,1,4
BRDA:9,1,2,4
BRDA:9,1,3,4
BRDA:9,1,4,4
BRDA:42,2,0,0
BRDA:42,3,0,2
BRDA:42,3,1,2
BRDA:42,3,2,2
BRDA:42,3,3,2
BRDA:78,4,0,1
BRDA:78,5,0,2
BRDA:78,5,1,2
BRDA:78,5,2,2
BRF:15
BRH:13
end_of_record
TN:
SF:src/prisma-client/mappedAssociations.ts
FN:5,getDBMappings
FN:21,saveDBMapping
FN:77,deleteDBMapping
FN:91,getSingleDBAssociationMappingFromId
FN:109,getSingleDBAssociationMapping
FN:129,getAllDBMappings
FNF:6
FNH:0
FNDA:0,getDBMappings
FNDA:0,saveDBMapping
FNDA:0,deleteDBMapping
FNDA:0,getSingleDBAssociationMappingFromId
FNDA:0,getSingleDBAssociationMapping
FNDA:0,getAllDBMappings
DA:2,3
DA:3,3
DA:6,0
DA:7,0
DA:14,0
DA:16,0
DA:17,0
DA:36,0
DA:38,0
DA:39,0
DA:70,0
DA:72,0
DA:73,0
DA:78,0
DA:79,0
DA:84,0
DA:86,0
DA:87,0
DA:92,0
DA:93,0
DA:97,0
DA:98,0
DA:99,0
DA:102,0
DA:104,0
DA:105,0
DA:110,0
DA:111,0
DA:117,0
DA:118,0
DA:119,0
DA:122,0
DA:124,0
DA:125,0
DA:130,0
DA:131,0
DA:132,0
DA:134,0
DA:135,0
DA:140,3
DA:141,3
DA:142,3
DA:143,3
DA:144,3
DA:145,3
LF:45
LH:8
BRDA:97,0,0,0
BRDA:117,1,0,0
BRF:2
BRH:0
end_of_record
TN:
SF:src/prisma-client/prisma-initialization.ts
FNF:0
FNH:0
DA:1,9
DA:3,9
DA:7,9
LF:3
LH:3
BRF:0
BRH:0
end_of_record
TN:
SF:src/prisma-client/singleAssociations.ts
FN:5,getDBAssociationsByCustomerId
FN:17,getSingleDBAssociationById
FN:29,(anonymous_3)
FN:77,getDBSingleAssociation
FN:93,deleteDBAssociation
FNF:5
FNH:4
FNDA:2,getDBAssociationsByCustomerId
FNDA:2,getSingleDBAssociationById
FNDA:2,(anonymous_3)
FNDA:0,getDBSingleAssociation
FNDA:2,deleteDBAssociation
DA:2,4
DA:3,4
DA:6,2
DA:7,2
DA:10,1
DA:12,1
DA:13,1
DA:18,2
DA:19,2
DA:22,1
DA:24,1
DA:25,1
DA:29,4
DA:40,2
DA:42,2
DA:43,2
DA:70,1
DA:72,1
DA:73,1
DA:78,0
DA:79,0
DA:82,0
DA:83,0
DA:86,0
DA:88,0
DA:89,0
DA:94,2
DA:95,2
DA:98,1
DA:99,1
DA:101,1
DA:102,1
DA:107,4
DA:108,4
DA:109,4
DA:110,4
DA:111,4
LF:37
LH:30
BRDA:22,0,0,1
BRDA:22,0,1,0
BRDA:78,1,0,0
BRDA:78,2,0,0
BRDA:78,2,1,0
BRDA:86,3,0,0
BRDA:86,3,1,0
BRF:7
BRH:1
end_of_record
TN:
SF:src/routes/associationRoutes.ts
FN:133,(anonymous_1)
FN:208,(anonymous_2)
FN:332,(anonymous_3)
FNF:3
FNH:3
FNDA:3,(anonymous_1)
FNDA:3,(anonymous_2)
FNDA:5,(anonymous_3)
DA:1,3
DA:2,3
DA:7,3
DA:9,3
DA:133,3
DA:134,3
DA:135,3
DA:136,2
DA:137,1
DA:142,1
DA:147,1
DA:148,1
DA:208,3
DA:209,3
DA:210,3
DA:211,3
DA:212,2
DA:213,1
DA:218,1
DA:223,1
DA:224,1
DA:332,3
DA:333,5
DA:334,1
DA:340,4
DA:341,4
DA:343,2
DA:344,1
DA:350,1
DA:355,2
DA:356,2
DA:363,3
LF:32
LH:32
BRDA:136,0,0,1
BRDA:150,1,0,1
BRDA:150,1,1,0
BRDA:212,2,0,1
BRDA:226,3,0,1
BRDA:226,3,1,0
BRDA:333,4,0,1
BRDA:333,5,0,5
BRDA:333,5,1,5
BRDA:343,6,0,1
BRDA:343,7,0,2
BRDA:343,7,1,1
BRDA:358,8,0,2
BRDA:358,8,1,0
BRF:14
BRH:11
end_of_record
TN:
SF:src/routes/authRoutes.ts
FN:6,(anonymous_1)
FN:10,(anonymous_2)
FNF:2
FNH:0
FNDA:0,(anonymous_1)
FNDA:0,(anonymous_2)
DA:1,2
DA:2,2
DA:4,2
DA:6,2
DA:7,0
DA:10,2
DA:11,0
DA:12,0
DA:13,0
DA:14,0
DA:15,0
DA:16,0
DA:17,0
DA:18,0
DA:21,0
DA:26,2
LF:16
LH:6
BRDA:12,0,0,0
BRDA:15,1,0,0
BRF:2
BRH:0
end_of_record
TN:
SF:src/routes/definitionRoutes.ts
FN:169,(anonymous_1)
FN:174,(anonymous_2)
FN:255,(anonymous_3)
FN:260,(anonymous_4)
FN:331,(anonymous_5)
FN:411,(anonymous_6)
FNF:6
FNH:6
FNDA:1,(anonymous_1)
FNDA:2,(anonymous_2)
FNDA:1,(anonymous_3)
FNDA:2,(anonymous_4)
FNDA:3,(anonymous_5)
FNDA:2,(anonymous_6)
DA:1,3
DA:2,3
DA:8,3
DA:14,3
DA:16,3
DA:169,3
DA:174,3
DA:175,2
DA:177,2
DA:178,2
DA:183,1
DA:188,1
DA:189,1
DA:255,3
DA:260,3
DA:261,2
DA:263,2
DA:264,2
DA:265,1
DA:266,1
DA:271,1
DA:272,0
DA:278,1
DA:279,1
DA:331,3
DA:332,3
DA:333,1
DA:339,2
DA:340,2
DA:341,2
DA:342,1
DA:348,1
DA:349,1
DA:350,1
DA:352,1
DA:357,0
DA:358,0
DA:411,3
DA:412,2
DA:413,2
DA:414,1
DA:415,1
DA:420,1
DA:421,1
DA:428,3
LF:45
LH:42
BRDA:191,0,0,1
BRDA:191,0,1,0
BRDA:271,1,0,0
BRDA:271,2,0,1
BRDA:271,2,1,1
BRDA:281,3,0,1
BRDA:281,3,1,0
BRDA:332,4,0,1
BRDA:332,5,0,3
BRDA:332,5,1,3
BRDA:341,6,0,1
BRDA:341,7,0,2
BRDA:341,7,1,1
BRDA:360,8,0,0
BRDA:360,8,1,0
BRDA:423,9,0,1
BRDA:423,9,1,0
BRF:17
BRH:11
end_of_record
TN:
SF:src/routes/mappingRoutes.ts
FN:117,(anonymous_1)
FN:172,(anonymous_2)
FN:254,(anonymous_3)
FN:339,(anonymous_4)
FN:411,(anonymous_5)
FN:464,(anonymous_6)
FNF:6
FNH:6
FNDA:3,(anonymous_1)
FNDA:3,(anonymous_2)
FNDA:3,(anonymous_3)
FNDA:2,(anonymous_4)
FNDA:2,(anonymous_5)
FNDA:2,(anonymous_6)
DA:1,3
DA:2,3
DA:7,3
DA:13,3
DA:17,3
DA:21,3
DA:23,3
DA:117,3
DA:118,3
DA:119,1
DA:125,2
DA:126,2
DA:127,2
DA:132,1
DA:133,0
DA:136,1
DA:141,1
DA:142,1
DA:172,3
DA:173,3
DA:174,3
DA:175,3
DA:176,3
DA:177,1
DA:181,2
DA:182,1
DA:184,1
DA:189,1
DA:190,1
DA:254,3
DA:255,3
DA:257,3
DA:258,1
DA:264,2
DA:265,2
DA:266,2
DA:268,2
DA:269,1
DA:270,1
DA:279,1
DA:284,0
DA:285,0
DA:339,3
DA:340,2
DA:341,2
DA:342,2
DA:343,0
DA:349,2
DA:354,2
DA:355,1
DA:358,1
DA:359,1
DA:362,1
DA:364,0
DA:365,0
DA:411,3
DA:412,2
DA:413,2
DA:415,2
DA:416,0
DA:422,2
DA:424,2
DA:425,1
DA:431,1
DA:436,0
DA:437,0
DA:464,3
DA:465,2
DA:466,2
DA:467,1
DA:472,1
DA:473,1
DA:480,3
LF:73
LH:64
BRDA:118,0,0,1
BRDA:118,1,0,3
BRDA:118,1,1,3
BRDA:132,2,0,0
BRDA:132,3,0,1
BRDA:132,3,1,1
BRDA:144,4,0,1
BRDA:144,4,1,0
BRDA:176,5,0,1
BRDA:176,6,0,3
BRDA:176,6,1,3
BRDA:257,7,0,1
BRDA:257,8,0,3
BRDA:257,8,1,3
BRDA:268,9,0,1
BRDA:287,10,0,0
BRDA:287,10,1,0
BRDA:288,11,0,0
BRDA:288,11,1,0
BRDA:342,12,0,0
BRDA:354,13,0,1
BRDA:358,14,0,1
BRDA:367,15,0,0
BRDA:367,15,1,0
BRDA:415,16,0,0
BRDA:424,17,0,1
BRDA:439,18,0,0
BRDA:439,18,1,0
BRDA:475,19,0,1
BRDA:475,19,1,0
BRF:30
BRH:17
end_of_record
TN:
SF:src/utils/error.ts
FN:6,shutdown
FN:9,(anonymous_2)
FN:16,(anonymous_3)
FN:27,(anonymous_4)
FN:34,(anonymous_5)
FN:36,(anonymous_6)
FN:39,(anonymous_7)
FN:50,isHubSpotApiError
FN:53,isGeneralPrismaError
FN:57,formatError
FN:72,handleError
FNF:11
FNH:4
FNDA:0,shutdown
FNDA:0,(anonymous_2)
FNDA:0,(anonymous_3)
FNDA:0,(anonymous_4)
FNDA:0,(anonymous_5)
FNDA:0,(anonymous_6)
FNDA:0,(anonymous_7)
FNDA:5,isHubSpotApiError
FNDA:5,isGeneralPrismaError
FNDA:5,formatError
FNDA:5,handleError
DA:1,2
DA:3,2
DA:4,2
DA:7,0
DA:8,0
DA:9,0
DA:10,0
DA:11,0
DA:12,0
DA:15,0
DA:16,0
DA:17,0
DA:18,0
DA:19,0
DA:20,0
DA:22,0
DA:27,0
DA:28,0
DA:29,0
DA:33,0
DA:35,0
DA:37,0
DA:39,0
DA:42,0
DA:43,0
DA:45,0
DA:46,0
DA:51,5
DA:54,5
DA:58,5
DA:59,5
DA:60,5
DA:61,0
DA:62,5
DA:63,0
DA:64,5
DA:65,5
DA:67,0
DA:69,5
DA:73,5
DA:74,5
DA:76,5
DA:79,2
LF:43
LH:16
BRDA:10,0,0,0
BRDA:18,1,0,0
BRDA:18,1,1,0
BRDA:54,2,0,5
BRDA:54,2,1,5
BRDA:57,3,0,0
BRDA:59,4,0,5
BRDA:60,5,0,0
BRDA:60,5,1,5
BRDA:62,6,0,0
BRDA:62,6,1,5
BRDA:64,7,0,5
BRDA:64,7,1,0
BRDA:72,8,0,0
BRDA:72,9,0,5
BRDA:76,10,0,0
BRF:16
BRH:7
end_of_record
TN:
SF:src/utils/logger.ts
FN:5,(anonymous_0)
FN:23,(anonymous_1)
FN:55,(anonymous_2)
FN:60,(anonymous_3)
FN:65,(anonymous_4)
FNF:5
FNH:4
FNDA:7,(anonymous_0)
FNDA:7,(anonymous_1)
FNDA:1,(anonymous_2)
FNDA:0,(anonymous_3)
FNDA:6,(anonymous_4)
DA:6,7
DA:7,7
DA:9,7
DA:11,6
DA:12,6
DA:14,0
DA:15,0
DA:18,1
DA:19,1
DA:26,7
DA:28,7
DA:37,7
DA:39,7
DA:43,7
DA:44,7
DA:45,7
DA:46,7
DA:47,7
DA:48,7
DA:49,7
DA:50,7
DA:52,7
DA:56,1
DA:57,1
DA:61,0
DA:62,0
DA:66,6
DA:67,6
DA:71,3
LF:29
LH:25
BRDA:9,0,0,6
BRDA:9,0,1,0
BRDA:9,0,2,1
BRDA:9,0,3,1
BRDA:25,1,0,0
BRDA:25,2,0,0
BRDA:28,3,0,6
BRDA:28,3,1,1
BRDA:33,4,0,1
BRDA:33,4,1,0
BRDA:43,5,0,7
BRDA:44,6,0,0
BRDA:44,7,0,7
BRDA:44,7,1,6
BRDA:45,8,0,6
BRDA:46,9,0,0
BRDA:47,10,0,0
BRDA:48,11,0,0
BRDA:49,12,0,0
BRDA:49,13,0,7
BRDA:49,13,1,0
BRDA:50,14,0,0
BRF:22
BRH:11
end_of_record
TN:
SF:src/utils/utils.ts
FN:12,(anonymous_0)
FN:14,formatSingleRequestData
FN:29,formatDefinitionPostRequest
FN:41,formatDefinitionUpdateRequest
FN:59,formatBatchRequestData
FN:60,(anonymous_5)
FN:76,formatBatchArchiveRequest
FN:82,(anonymous_7)
FN:95,formaCreateCardinalityRequest
FN:117,formatUpdateCardinalityRequest
FN:138,checkAccessToken
FNF:11
FNH:4
FNDA:0,(anonymous_0)
FNDA:1,formatSingleRequestData
FNDA:0,formatDefinitionPostRequest
FNDA:0,formatDefinitionUpdateRequest
FNDA:0,formatBatchRequestData
FNDA:0,(anonymous_5)
FNDA:2,formatBatchArchiveRequest
FNDA:1,(anonymous_7)
FNDA:0,formaCreateCardinalityRequest
FNDA:0,formatUpdateCardinalityRequest
FNDA:5,checkAccessToken
DA:3,4
DA:11,4
DA:12,4
DA:14,4
DA:15,1
DA:20,1
DA:29,4
DA:30,0
DA:41,4
DA:42,0
DA:53,4
DA:59,4
DA:60,0
DA:69,0
DA:76,4
DA:77,2
DA:79,1
DA:80,1
DA:82,1
DA:87,1
DA:95,4
DA:96,0
DA:98,0
DA:99,0
DA:106,0
DA:107,0
DA:114,0
DA:117,4
DA:118,0
DA:119,0
DA:120,0
DA:127,0
DA:128,0
DA:135,0
DA:138,4
DA:139,5
DA:140,1
DA:141,4
DA:142,1
DA:143,3
DA:144,1
DA:145,2
DA:146,1
DA:147,1
DA:148,0
DA:152,4
LF:46
LH:29
BRDA:34,0,0,0
BRDA:34,0,1,0
BRDA:36,1,0,0
BRDA:36,1,1,0
BRDA:46,2,0,0
BRDA:46,2,1,0
BRDA:48,3,0,0
BRDA:48,3,1,0
BRDA:77,4,0,1
BRDA:98,5,0,0
BRDA:106,6,0,0
BRDA:119,7,0,0
BRDA:127,8,0,0
BRDA:139,9,0,1
BRDA:139,9,1,4
BRDA:141,10,0,1
BRDA:141,10,1,3
BRDA:143,11,0,1
BRDA:143,11,1,2
BRDA:145,12,0,1
BRDA:145,12,1,1
BRDA:147,13,0,0
BRF:22
BRH:9
end_of_record
